{"total": {"lines":{"total":1310,"covered":0,"skipped":0,"pct":0},"statements":{"total":1364,"covered":0,"skipped":0,"pct":0},"functions":{"total":361,"covered":0,"skipped":0,"pct":0},"branches":{"total":851,"covered":0,"skipped":0,"pct":0},"branchesTrue":{"total":0,"covered":0,"skipped":0,"pct":100}}
,"/Users/rowan/github/Cardow & Co/conciergus.ai/src/components/ConciergusChatWidget.tsx": {"lines":{"total":13,"covered":0,"skipped":0,"pct":0},"functions":{"total":5,"covered":0,"skipped":0,"pct":0},"statements":{"total":15,"covered":0,"skipped":0,"pct":0},"branches":{"total":30,"covered":0,"skipped":0,"pct":0}}
,"/Users/rowan/github/Cardow & Co/conciergus.ai/src/components/ConciergusMessageItem.tsx": {"lines":{"total":32,"covered":0,"skipped":0,"pct":0},"functions":{"total":8,"covered":0,"skipped":0,"pct":0},"statements":{"total":34,"covered":0,"skipped":0,"pct":0},"branches":{"total":73,"covered":0,"skipped":0,"pct":0}}
,"/Users/rowan/github/Cardow & Co/conciergus.ai/src/components/ConciergusMessageList.tsx": {"lines":{"total":29,"covered":0,"skipped":0,"pct":0},"functions":{"total":11,"covered":0,"skipped":0,"pct":0},"statements":{"total":31,"covered":0,"skipped":0,"pct":0},"branches":{"total":39,"covered":0,"skipped":0,"pct":0}}
,"/Users/rowan/github/Cardow & Co/conciergus.ai/src/context/ConciergusContext.tsx": {"lines":{"total":2,"covered":0,"skipped":0,"pct":0},"functions":{"total":0,"covered":0,"skipped":0,"pct":100},"statements":{"total":2,"covered":0,"skipped":0,"pct":0},"branches":{"total":0,"covered":0,"skipped":0,"pct":100}}
,"/Users/rowan/github/Cardow & Co/conciergus.ai/src/context/ConciergusProvider.tsx": {"lines":{"total":6,"covered":0,"skipped":0,"pct":0},"functions":{"total":1,"covered":0,"skipped":0,"pct":0},"statements":{"total":6,"covered":0,"skipped":0,"pct":0},"branches":{"total":15,"covered":0,"skipped":0,"pct":0}}
,"/Users/rowan/github/Cardow & Co/conciergus.ai/src/context/EnhancedConciergusContext.tsx": {"lines":{"total":100,"covered":0,"skipped":0,"pct":0},"functions":{"total":33,"covered":0,"skipped":0,"pct":0},"statements":{"total":106,"covered":0,"skipped":0,"pct":0},"branches":{"total":55,"covered":0,"skipped":0,"pct":0}}
,"/Users/rowan/github/Cardow & Co/conciergus.ai/src/context/GatewayConfig.ts": {"lines":{"total":56,"covered":0,"skipped":0,"pct":0},"functions":{"total":21,"covered":0,"skipped":0,"pct":0},"statements":{"total":59,"covered":0,"skipped":0,"pct":0},"branches":{"total":31,"covered":0,"skipped":0,"pct":0}}
,"/Users/rowan/github/Cardow & Co/conciergus.ai/src/context/GatewayProvider.tsx": {"lines":{"total":65,"covered":0,"skipped":0,"pct":0},"functions":{"total":25,"covered":0,"skipped":0,"pct":0},"statements":{"total":66,"covered":0,"skipped":0,"pct":0},"branches":{"total":26,"covered":0,"skipped":0,"pct":0}}
,"/Users/rowan/github/Cardow & Co/conciergus.ai/src/context/UnifiedConciergusProvider.tsx": {"lines":{"total":41,"covered":0,"skipped":0,"pct":0},"functions":{"total":7,"covered":0,"skipped":0,"pct":0},"statements":{"total":41,"covered":0,"skipped":0,"pct":0},"branches":{"total":48,"covered":0,"skipped":0,"pct":0}}
,"/Users/rowan/github/Cardow & Co/conciergus.ai/src/context/useConciergus.ts": {"lines":{"total":25,"covered":0,"skipped":0,"pct":0},"functions":{"total":5,"covered":0,"skipped":0,"pct":0},"statements":{"total":26,"covered":0,"skipped":0,"pct":0},"branches":{"total":32,"covered":0,"skipped":0,"pct":0}}
,"/Users/rowan/github/Cardow & Co/conciergus.ai/src/debug/DebugInspector.tsx": {"lines":{"total":66,"covered":0,"skipped":0,"pct":0},"functions":{"total":20,"covered":0,"skipped":0,"pct":0},"statements":{"total":69,"covered":0,"skipped":0,"pct":0},"branches":{"total":35,"covered":0,"skipped":0,"pct":0}}
,"/Users/rowan/github/Cardow & Co/conciergus.ai/src/debug/DebugUtils.ts": {"lines":{"total":243,"covered":0,"skipped":0,"pct":0},"functions":{"total":67,"covered":0,"skipped":0,"pct":0},"statements":{"total":252,"covered":0,"skipped":0,"pct":0},"branches":{"total":109,"covered":0,"skipped":0,"pct":0}}
,"/Users/rowan/github/Cardow & Co/conciergus.ai/src/debug/ai-sdk-debug.ts": {"lines":{"total":142,"covered":0,"skipped":0,"pct":0},"functions":{"total":47,"covered":0,"skipped":0,"pct":0},"statements":{"total":149,"covered":0,"skipped":0,"pct":0},"branches":{"total":61,"covered":0,"skipped":0,"pct":0}}
,"/Users/rowan/github/Cardow & Co/conciergus.ai/src/errors/ErrorBoundary.tsx": {"lines":{"total":159,"covered":0,"skipped":0,"pct":0},"functions":{"total":36,"covered":0,"skipped":0,"pct":0},"statements":{"total":165,"covered":0,"skipped":0,"pct":0},"branches":{"total":135,"covered":0,"skipped":0,"pct":0}}
,"/Users/rowan/github/Cardow & Co/conciergus.ai/src/middleware/MiddlewarePipeline.ts": {"lines":{"total":133,"covered":0,"skipped":0,"pct":0},"functions":{"total":30,"covered":0,"skipped":0,"pct":0},"statements":{"total":137,"covered":0,"skipped":0,"pct":0},"branches":{"total":74,"covered":0,"skipped":0,"pct":0}}
,"/Users/rowan/github/Cardow & Co/conciergus.ai/src/telemetry/EnterpriseTelemetryManager.ts": {"lines":{"total":134,"covered":0,"skipped":0,"pct":0},"functions":{"total":30,"covered":0,"skipped":0,"pct":0},"statements":{"total":141,"covered":0,"skipped":0,"pct":0},"branches":{"total":71,"covered":0,"skipped":0,"pct":0}}
,"/Users/rowan/github/Cardow & Co/conciergus.ai/src/telemetry/OpenTelemetryConfig.ts": {"lines":{"total":64,"covered":0,"skipped":0,"pct":0},"functions":{"total":15,"covered":0,"skipped":0,"pct":0},"statements":{"total":65,"covered":0,"skipped":0,"pct":0},"branches":{"total":17,"covered":0,"skipped":0,"pct":0}}
}
