TN:
SF:src/components/ConciergusChatWidget.tsx
FN:42,(anonymous_9)
FN:61,(anonymous_10)
FN:66,(anonymous_11)
FN:67,(anonymous_12)
FN:69,(anonymous_13)
FNF:5
FNH:4
FNDA:4,(anonymous_9)
FNDA:4,(anonymous_10)
FNDA:4,(anonymous_11)
FNDA:0,(anonymous_12)
FNDA:4,(anonymous_13)
DA:1,1
DA:2,1
DA:3,1
DA:42,1
DA:59,4
DA:61,4
DA:63,4
DA:66,4
DA:67,4
DA:68,4
DA:69,4
DA:73,4
DA:95,4
DA:102,4
DA:116,4
DA:132,4
DA:188,1
LF:17
LH:17
BRDA:52,0,0,4
BRDA:53,1,0,4
BRDA:54,2,0,4
BRDA:55,3,0,4
BRDA:77,4,0,4
BRDA:77,4,1,0
BRDA:78,5,0,4
BRDA:78,5,1,0
BRDA:79,6,0,4
BRDA:79,6,1,0
BRDA:85,7,0,4
BRDA:85,7,1,4
BRDA:86,8,0,4
BRDA:86,8,1,0
BRDA:87,9,0,4
BRDA:87,9,1,0
BRDA:88,10,0,4
BRDA:88,10,1,0
BRDA:90,11,0,4
BRDA:90,11,1,4
BRDA:91,12,0,4
BRDA:91,12,1,0
BRDA:134,13,0,4
BRDA:134,13,1,1
BRDA:144,14,0,0
BRDA:144,14,1,4
BRDA:148,15,0,4
BRDA:148,15,1,1
BRDA:151,16,0,1
BRDA:151,16,1,0
BRDA:164,17,0,0
BRDA:164,17,1,4
BRDA:170,18,0,4
BRDA:170,18,1,1
BRDA:173,19,0,1
BRDA:173,19,1,0
BRF:36
BRH:25
end_of_record
TN:
SF:src/components/ConciergusMessageItem.tsx
FN:21,(anonymous_0)
FN:36,(anonymous_1)
FN:41,(anonymous_2)
FN:55,(anonymous_3)
FN:65,(anonymous_4)
FN:99,(anonymous_5)
FN:252,(anonymous_6)
FN:261,(anonymous_7)
FNF:8
FNH:0
FNDA:0,(anonymous_0)
FNDA:0,(anonymous_1)
FNDA:0,(anonymous_2)
FNDA:0,(anonymous_3)
FNDA:0,(anonymous_4)
FNDA:0,(anonymous_5)
FNDA:0,(anonymous_6)
FNDA:0,(anonymous_7)
DA:21,0
DA:33,0
DA:36,0
DA:37,0
DA:38,0
DA:39,0
DA:40,0
DA:41,0
DA:42,0
DA:43,0
DA:46,0
DA:50,0
DA:51,0
DA:52,0
DA:55,0
DA:56,0
DA:58,0
DA:66,0
DA:83,0
DA:84,0
DA:100,0
DA:126,0
DA:154,0
DA:155,0
DA:174,0
DA:196,0
DA:206,0
DA:207,0
DA:222,0
DA:232,0
DA:252,0
DA:262,0
LF:32
LH:0
BRDA:28,0,0,0
BRDA:29,1,0,0
BRDA:30,2,0,0
BRDA:37,3,0,0
BRDA:37,3,1,0
BRDA:38,4,0,0
BRDA:38,5,0,0
BRDA:38,5,1,0
BRDA:51,6,0,0
BRDA:51,6,1,0
BRDA:56,7,0,0
BRDA:56,7,1,0
BRDA:56,7,2,0
BRDA:56,7,3,0
BRDA:56,7,4,0
BRDA:56,7,5,0
BRDA:56,7,6,0
BRDA:83,8,0,0
BRDA:97,9,0,0
BRDA:97,9,1,0
BRDA:97,9,2,0
BRDA:101,10,0,0
BRDA:101,10,1,0
BRDA:104,11,0,0
BRDA:104,11,1,0
BRDA:111,12,0,0
BRDA:111,12,1,0
BRDA:130,13,0,0
BRDA:130,13,1,0
BRDA:132,14,0,0
BRDA:132,14,1,0
BRDA:139,15,0,0
BRDA:139,15,1,0
BRDA:142,16,0,0
BRDA:142,16,1,0
BRDA:154,17,0,0
BRDA:158,18,0,0
BRDA:158,18,1,0
BRDA:158,18,2,0
BRDA:159,19,0,0
BRDA:159,19,1,0
BRDA:179,20,0,0
BRDA:179,20,1,0
BRDA:206,21,0,0
BRDA:212,22,0,0
BRDA:212,22,1,0
BRDA:234,23,0,0
BRDA:234,23,1,0
BRDA:241,24,0,0
BRDA:241,24,1,0
BRDA:250,25,0,0
BRDA:250,25,1,0
BRDA:250,26,0,0
BRDA:250,26,1,0
BRDA:273,27,0,0
BRDA:273,27,1,0
BRDA:279,28,0,0
BRDA:279,28,1,0
BRDA:293,29,0,0
BRDA:293,29,1,0
BRDA:293,29,2,0
BRDA:297,30,0,0
BRDA:297,30,1,0
BRDA:303,31,0,0
BRDA:303,31,1,0
BRDA:309,32,0,0
BRDA:309,32,1,0
BRDA:315,33,0,0
BRDA:315,33,1,0
BRF:69
BRH:0
end_of_record
TN:
SF:src/components/ConciergusMessageList.tsx
FN:36,(anonymous_0)
FN:52,(anonymous_1)
FN:60,(anonymous_2)
FN:62,(anonymous_3)
FN:69,(anonymous_4)
FN:83,(anonymous_5)
FN:87,(anonymous_6)
FN:88,(anonymous_7)
FN:94,(anonymous_8)
FN:111,(anonymous_9)
FN:117,(anonymous_10)
FNF:11
FNH:0
FNDA:0,(anonymous_0)
FNDA:0,(anonymous_1)
FNDA:0,(anonymous_2)
FNDA:0,(anonymous_3)
FNDA:0,(anonymous_4)
FNDA:0,(anonymous_5)
FNDA:0,(anonymous_6)
FNDA:0,(anonymous_7)
FNDA:0,(anonymous_8)
FNDA:0,(anonymous_9)
FNDA:0,(anonymous_10)
DA:36,0
DA:48,0
DA:49,0
DA:52,0
DA:53,0
DA:54,0
DA:55,0
DA:60,0
DA:61,0
DA:62,0
DA:68,0
DA:70,0
DA:71,0
DA:72,0
DA:74,0
DA:76,0
DA:83,0
DA:84,0
DA:86,0
DA:87,0
DA:88,0
DA:91,0
DA:94,0
DA:95,0
DA:99,0
DA:102,0
DA:112,0
DA:118,0
LF:28
LH:0
BRDA:41,0,0,0
BRDA:42,1,0,0
BRDA:43,2,0,0
BRDA:44,3,0,0
BRDA:45,4,0,0
BRDA:53,5,0,0
BRDA:53,6,0,0
BRDA:53,6,1,0
BRDA:61,7,0,0
BRDA:71,8,0,0
BRDA:71,8,1,0
BRDA:71,9,0,0
BRDA:71,9,1,0
BRDA:84,10,0,0
BRDA:84,11,0,0
BRDA:84,11,1,0
BRDA:91,12,0,0
BRDA:99,13,0,0
BRDA:99,13,1,0
BRDA:104,14,0,0
BRDA:104,14,1,0
BRDA:124,15,0,0
BRDA:124,15,1,0
BRDA:137,16,0,0
BRDA:137,16,1,0
BRDA:119,17,0,0
BRDA:119,17,1,0
BRF:27
BRH:0
end_of_record
TN:
SF:src/context/ConciergusContext.tsx
FNF:0
FNH:0
DA:1,1
DA:179,1
DA:181,1
LF:3
LH:3
BRF:0
BRH:0
end_of_record
TN:
SF:src/context/ConciergusProvider.tsx
FN:17,(anonymous_0)
FNF:1
FNH:0
FNDA:0,(anonymous_0)
DA:17,0
DA:27,0
DA:37,0
DA:38,0
DA:41,0
DA:48,0
LF:6
LH:0
BRDA:28,0,0,0
BRDA:28,0,1,0
BRDA:29,1,0,0
BRDA:29,1,1,0
BRDA:30,2,0,0
BRDA:30,2,1,0
BRDA:31,3,0,0
BRDA:31,3,1,0
BRDA:32,4,0,0
BRDA:32,4,1,0
BRDA:33,5,0,0
BRDA:33,5,1,0
BRDA:34,6,0,0
BRDA:34,6,1,0
BRDA:37,7,0,0
BRF:15
BRH:0
end_of_record
TN:
SF:src/context/EnhancedConciergusContext.tsx
FN:70,(anonymous_0)
FN:74,(anonymous_1)
FN:78,(anonymous_2)
FN:102,(anonymous_3)
FN:125,(anonymous_4)
FN:165,useEnhancedConciergus
FN:180,createModelManager
FN:188,(anonymous_7)
FN:190,(anonymous_8)
FN:192,(anonymous_9)
FN:201,(anonymous_10)
FN:206,(anonymous_11)
FN:215,createTelemetryManager
FN:233,(anonymous_13)
FN:271,(anonymous_14)
FN:278,(anonymous_15)
FN:281,(anonymous_16)
FN:300,(anonymous_17)
FN:311,(anonymous_18)
FN:329,EnhancedConciergusProvider
FN:339,(anonymous_20)
FN:349,(anonymous_21)
FN:354,(anonymous_22)
FN:359,(anonymous_23)
FN:364,(anonymous_24)
FN:365,(anonymous_25)
FN:369,(anonymous_26)
FN:370,(anonymous_27)
FN:402,(anonymous_28)
FN:432,useModelManager
FN:440,useTelemetry
FN:448,useChatStore
FN:456,useGatewayConfig
FNF:33
FNH:0
FNDA:0,(anonymous_0)
FNDA:0,(anonymous_1)
FNDA:0,(anonymous_2)
FNDA:0,(anonymous_3)
FNDA:0,(anonymous_4)
FNDA:0,useEnhancedConciergus
FNDA:0,createModelManager
FNDA:0,(anonymous_7)
FNDA:0,(anonymous_8)
FNDA:0,(anonymous_9)
FNDA:0,(anonymous_10)
FNDA:0,(anonymous_11)
FNDA:0,createTelemetryManager
FNDA:0,(anonymous_13)
FNDA:0,(anonymous_14)
FNDA:0,(anonymous_15)
FNDA:0,(anonymous_16)
FNDA:0,(anonymous_17)
FNDA:0,(anonymous_18)
FNDA:0,EnhancedConciergusProvider
FNDA:0,(anonymous_20)
FNDA:0,(anonymous_21)
FNDA:0,(anonymous_22)
FNDA:0,(anonymous_23)
FNDA:0,(anonymous_24)
FNDA:0,(anonymous_25)
FNDA:0,(anonymous_26)
FNDA:0,(anonymous_27)
FNDA:0,(anonymous_28)
FNDA:0,useModelManager
FNDA:0,useTelemetry
FNDA:0,useChatStore
FNDA:0,useGatewayConfig
DA:71,0
DA:75,0
DA:84,0
DA:85,0
DA:86,0
DA:94,0
DA:108,0
DA:110,0
DA:111,0
DA:112,0
DA:114,0
DA:118,0
DA:119,0
DA:122,0
DA:126,0
DA:158,0
DA:160,0
DA:166,0
DA:168,0
DA:169,0
DA:174,0
DA:185,0
DA:187,0
DA:188,0
DA:190,0
DA:193,0
DA:194,0
DA:197,0
DA:198,0
DA:202,0
DA:203,0
DA:207,0
DA:216,0
DA:230,0
DA:232,0
DA:234,0
DA:237,0
DA:238,0
DA:239,0
DA:240,0
DA:241,0
DA:244,0
DA:245,0
DA:253,0
DA:254,0
DA:255,0
DA:257,0
DA:258,0
DA:260,0
DA:263,0
DA:268,0
DA:271,0
DA:279,0
DA:281,0
DA:289,0
DA:290,0
DA:298,0
DA:299,0
DA:300,0
DA:303,0
DA:312,0
DA:334,0
DA:335,0
DA:336,0
DA:339,0
DA:340,0
DA:341,0
DA:343,0
DA:344,0
DA:349,0
DA:350,0
DA:354,0
DA:355,0
DA:359,0
DA:360,0
DA:364,0
DA:365,0
DA:369,0
DA:370,0
DA:371,0
DA:373,0
DA:374,0
DA:378,0
DA:379,0
DA:389,0
DA:390,0
DA:392,0
DA:393,0
DA:394,0
DA:398,0
DA:402,0
DA:422,0
DA:433,0
DA:434,0
DA:441,0
DA:442,0
DA:449,0
DA:450,0
DA:457,0
DA:458,0
LF:100
LH:0
BRDA:71,0,0,0
BRDA:71,0,1,0
BRDA:85,1,0,0
BRDA:110,2,0,0
BRDA:111,3,0,0
BRDA:112,4,0,0
BRDA:118,5,0,0
BRDA:168,6,0,0
BRDA:185,7,0,0
BRDA:185,7,1,0
BRDA:193,8,0,0
BRDA:202,9,0,0
BRDA:202,9,1,0
BRDA:230,10,0,0
BRDA:230,10,1,0
BRDA:234,11,0,0
BRDA:237,12,0,0
BRDA:237,13,0,0
BRDA:237,13,1,0
BRDA:238,14,0,0
BRDA:238,14,1,0
BRDA:239,15,0,0
BRDA:239,15,1,0
BRDA:241,16,0,0
BRDA:241,16,1,0
BRDA:244,17,0,0
BRDA:245,18,0,0
BRDA:245,18,1,0
BRDA:253,19,0,0
BRDA:253,19,1,0
BRDA:254,20,0,0
BRDA:254,20,1,0
BRDA:255,21,0,0
BRDA:255,21,1,0
BRDA:257,22,0,0
BRDA:257,22,1,0
BRDA:275,23,0,0
BRDA:275,23,1,0
BRDA:279,24,0,0
BRDA:279,24,1,0
BRDA:289,25,0,0
BRDA:299,26,0,0
BRDA:299,26,1,0
BRDA:305,27,0,0
BRDA:305,27,1,0
BRDA:343,28,0,0
BRDA:343,28,1,0
BRDA:350,29,0,0
BRDA:350,29,1,0
BRDA:373,30,0,0
BRDA:373,31,0,0
BRDA:373,31,1,0
BRDA:378,32,0,0
BRDA:392,33,0,0
BRDA:392,33,1,0
BRF:55
BRH:0
end_of_record
TN:
SF:src/context/GatewayConfig.ts
FN:198,createGatewayModel
FN:214,createFallbackChain
FN:222,(anonymous_2)
FN:230,getModelsByCapability
FN:234,(anonymous_4)
FN:235,(anonymous_5)
FN:243,getModelsByCostTier
FN:247,(anonymous_7)
FN:248,(anonymous_8)
FN:256,selectOptimalModel
FN:266,(anonymous_10)
FN:267,(anonymous_11)
FN:273,(anonymous_12)
FN:280,(anonymous_13)
FN:287,(anonymous_14)
FN:308,(anonymous_15)
FN:317,(anonymous_16)
FN:330,(anonymous_17)
FN:345,(anonymous_18)
FN:369,(anonymous_19)
FN:386,(anonymous_20)
FNF:21
FNH:9
FNDA:2,createGatewayModel
FNDA:0,createFallbackChain
FNDA:0,(anonymous_2)
FNDA:0,getModelsByCapability
FNDA:0,(anonymous_4)
FNDA:0,(anonymous_5)
FNDA:0,getModelsByCostTier
FNDA:0,(anonymous_7)
FNDA:0,(anonymous_8)
FNDA:3,selectOptimalModel
FNDA:18,(anonymous_10)
FNDA:38,(anonymous_11)
FNDA:13,(anonymous_12)
FNDA:0,(anonymous_13)
FNDA:0,(anonymous_14)
FNDA:24,(anonymous_15)
FNDA:15,(anonymous_16)
FNDA:8,(anonymous_17)
FNDA:7,(anonymous_18)
FNDA:0,(anonymous_19)
FNDA:0,(anonymous_20)
DA:1,1
DA:26,1
DA:132,1
DA:198,1
DA:199,2
DA:201,2
DA:202,0
DA:205,2
DA:214,1
DA:218,0
DA:222,0
DA:230,1
DA:233,0
DA:234,0
DA:235,0
DA:243,1
DA:246,0
DA:247,0
DA:248,0
DA:256,1
DA:262,3
DA:265,3
DA:266,3
DA:267,38
DA:272,3
DA:273,3
DA:274,13
DA:279,3
DA:280,1
DA:281,0
DA:286,3
DA:287,1
DA:288,0
DA:292,3
DA:293,1
DA:294,1
DA:298,2
DA:304,1
DA:309,24
DA:319,15
DA:320,0
DA:324,15
DA:331,8
DA:332,0
DA:335,8
DA:336,0
DA:339,8
DA:346,7
DA:347,7
DA:353,0
DA:363,1
DA:370,0
DA:371,0
DA:373,0
DA:374,0
DA:375,0
DA:376,0
DA:377,0
DA:391,0
DA:393,0
DA:394,0
DA:400,0
DA:401,0
DA:406,0
DA:413,1
LF:65
LH:37
BRDA:201,0,0,0
BRDA:218,1,0,0
BRDA:218,1,1,0
BRDA:220,2,0,0
BRDA:220,2,1,0
BRDA:265,3,0,3
BRDA:272,4,0,3
BRDA:279,5,0,1
BRDA:281,6,0,0
BRDA:281,6,1,0
BRDA:286,7,0,1
BRDA:292,8,0,1
BRDA:298,9,0,2
BRDA:298,9,1,0
BRDA:309,10,0,24
BRDA:309,10,1,24
BRDA:309,10,2,24
BRDA:319,11,0,0
BRDA:319,12,0,15
BRDA:319,12,1,0
BRDA:324,13,0,15
BRDA:324,13,1,0
BRDA:331,14,0,0
BRDA:335,15,0,0
BRDA:346,16,0,7
BRDA:371,17,0,0
BRDA:373,18,0,0
BRDA:373,18,1,0
BRDA:373,18,2,0
BRDA:373,18,3,0
BRDA:400,19,0,0
BRF:31
BRH:12
end_of_record
TN:
SF:src/context/GatewayProvider.tsx
FN:83,GatewayProvider
FN:110,(anonymous_10)
FN:111,(anonymous_11)
FN:115,(anonymous_12)
FN:122,(anonymous_13)
FN:127,(anonymous_14)
FN:134,(anonymous_15)
FN:141,(anonymous_16)
FN:146,(anonymous_17)
FN:151,(anonymous_18)
FN:156,(anonymous_19)
FN:213,useGateway
FN:227,useGatewayModel
FN:231,(anonymous_22)
FN:240,useGatewayChain
FN:244,(anonymous_24)
FN:253,useSmartModel
FN:261,(anonymous_26)
FN:265,(anonymous_27)
FN:279,useCostOptimizedModel
FN:285,(anonymous_29)
FN:289,(anonymous_30)
FN:293,(anonymous_31)
FN:308,GatewayAuthStatus
FNF:24
FNH:13
FNDA:9,GatewayProvider
FNDA:3,(anonymous_10)
FNDA:3,(anonymous_11)
FNDA:6,(anonymous_12)
FNDA:3,(anonymous_13)
FNDA:3,(anonymous_14)
FNDA:3,(anonymous_15)
FNDA:2,(anonymous_16)
FNDA:0,(anonymous_17)
FNDA:0,(anonymous_18)
FNDA:6,(anonymous_19)
FNDA:6,useGateway
FNDA:2,useGatewayModel
FNDA:2,(anonymous_22)
FNDA:0,useGatewayChain
FNDA:0,(anonymous_24)
FNDA:0,useSmartModel
FNDA:0,(anonymous_26)
FNDA:0,(anonymous_27)
FNDA:0,useCostOptimizedModel
FNDA:0,(anonymous_29)
FNDA:0,(anonymous_30)
FNDA:0,(anonymous_31)
FNDA:2,GatewayAuthStatus
DA:1,1
DA:7,1
DA:67,1
DA:83,1
DA:90,9
DA:101,9
DA:102,9
DA:103,9
DA:106,9
DA:107,9
DA:110,9
DA:111,3
DA:115,9
DA:116,6
DA:117,6
DA:118,6
DA:122,9
DA:123,3
DA:127,9
DA:128,3
DA:129,0
DA:134,9
DA:135,3
DA:136,0
DA:141,9
DA:142,2
DA:146,9
DA:147,0
DA:151,9
DA:152,0
DA:156,9
DA:157,6
DA:158,0
DA:167,9
DA:203,9
DA:213,1
DA:214,6
DA:216,6
DA:217,0
DA:220,6
DA:227,1
DA:228,2
DA:229,2
DA:231,2
DA:232,2
DA:240,1
DA:241,0
DA:242,0
DA:244,0
DA:245,0
DA:253,1
DA:259,0
DA:261,0
DA:262,0
DA:265,0
DA:266,0
DA:269,0
DA:279,1
DA:283,0
DA:285,0
DA:286,0
DA:289,0
DA:290,0
DA:293,0
DA:294,0
DA:297,0
DA:308,1
DA:309,2
DA:311,2
DA:323,1
LF:70
LH:46
BRDA:85,0,0,9
BRDA:86,1,0,6
BRDA:87,2,0,9
BRDA:101,3,0,9
BRDA:101,3,1,0
BRDA:102,4,0,9
BRDA:102,4,1,0
BRDA:103,5,0,9
BRDA:103,5,1,0
BRDA:128,6,0,0
BRDA:128,7,0,3
BRDA:128,7,1,3
BRDA:135,8,0,0
BRDA:135,9,0,3
BRDA:135,9,1,3
BRDA:157,10,0,0
BRDA:216,11,0,0
BRDA:229,12,0,2
BRDA:229,12,1,2
BRDA:242,13,0,0
BRDA:242,13,1,0
BRDA:313,14,0,0
BRDA:313,14,1,2
BRDA:315,15,0,0
BRDA:315,15,1,2
BRF:25
BRH:14
end_of_record
TN:
SF:src/context/UnifiedConciergusProvider.tsx
FN:33,shouldEnableEnhancedFeatures
FN:50,BasicConciergusProvider
FN:54,(anonymous_2)
FN:119,UnifiedConciergusProvider
FN:170,hasEnhancedFeatures
FN:177,migrateToEnhancedConfig
FN:213,validateProviderConfig
FNF:7
FNH:0
FNDA:0,shouldEnableEnhancedFeatures
FNDA:0,BasicConciergusProvider
FNDA:0,(anonymous_2)
FNDA:0,UnifiedConciergusProvider
FNDA:0,hasEnhancedFeatures
FNDA:0,migrateToEnhancedConfig
FNDA:0,validateProviderConfig
DA:34,0
DA:54,0
DA:55,0
DA:65,0
DA:66,0
DA:69,0
DA:72,0
DA:126,0
DA:129,0
DA:130,0
DA:141,0
DA:142,0
DA:148,0
DA:152,0
DA:159,0
DA:165,0
DA:171,0
DA:185,0
DA:189,0
DA:190,0
DA:193,0
DA:194,0
DA:201,0
DA:202,0
DA:207,0
DA:218,0
DA:219,0
DA:222,0
DA:223,0
DA:224,0
DA:227,0
DA:228,0
DA:229,0
DA:232,0
DA:233,0
DA:234,0
DA:238,0
DA:239,0
DA:242,0
DA:243,0
DA:246,0
LF:41
LH:0
BRDA:35,0,0,0
BRDA:35,0,1,0
BRDA:35,0,2,0
BRDA:35,0,3,0
BRDA:35,0,4,0
BRDA:35,0,5,0
BRDA:35,0,6,0
BRDA:35,0,7,0
BRDA:35,0,8,0
BRDA:56,1,0,0
BRDA:56,1,1,0
BRDA:57,2,0,0
BRDA:57,2,1,0
BRDA:58,3,0,0
BRDA:58,3,1,0
BRDA:59,4,0,0
BRDA:59,4,1,0
BRDA:60,5,0,0
BRDA:60,5,1,0
BRDA:61,6,0,0
BRDA:61,6,1,0
BRDA:62,7,0,0
BRDA:62,7,1,0
BRDA:65,8,0,0
BRDA:126,9,0,0
BRDA:126,9,1,0
BRDA:129,10,0,0
BRDA:131,11,0,0
BRDA:131,11,1,0
BRDA:141,12,0,0
BRDA:145,13,0,0
BRDA:145,13,1,0
BRDA:189,14,0,0
BRDA:193,15,0,0
BRDA:201,16,0,0
BRDA:222,17,0,0
BRDA:222,18,0,0
BRDA:222,18,1,0
BRDA:227,19,0,0
BRDA:227,20,0,0
BRDA:227,20,1,0
BRDA:232,21,0,0
BRDA:232,22,0,0
BRDA:232,22,1,0
BRDA:238,23,0,0
BRDA:238,24,0,0
BRDA:238,24,1,0
BRDA:242,25,0,0
BRF:48
BRH:0
end_of_record
TN:
SF:src/context/useConciergus.ts
FN:129,useConciergus
FN:152,(anonymous_1)
FN:164,(anonymous_2)
FN:213,hasEnhancedFeatures
FN:231,useBasicConciergus
FNF:5
FNH:0
FNDA:0,useConciergus
FNDA:0,(anonymous_1)
FNDA:0,(anonymous_2)
FNDA:0,hasEnhancedFeatures
FNDA:0,useBasicConciergus
DA:131,0
DA:134,0
DA:137,0
DA:138,0
DA:145,0
DA:146,0
DA:149,0
DA:152,0
DA:161,0
DA:164,0
DA:165,0
DA:169,0
DA:174,0
DA:175,0
DA:176,0
DA:184,0
DA:200,0
DA:201,0
DA:202,0
DA:203,0
DA:204,0
DA:207,0
DA:221,0
DA:232,0
DA:234,0
DA:235,0
DA:238,0
LF:27
LH:0
BRDA:137,0,0,0
BRDA:137,1,0,0
BRDA:137,1,1,0
BRDA:146,2,0,0
BRDA:146,2,1,0
BRDA:149,3,0,0
BRDA:149,3,1,0
BRDA:149,4,0,0
BRDA:149,4,1,0
BRDA:153,5,0,0
BRDA:153,5,1,0
BRDA:154,6,0,0
BRDA:154,6,1,0
BRDA:155,7,0,0
BRDA:155,7,1,0
BRDA:156,8,0,0
BRDA:156,8,1,0
BRDA:157,9,0,0
BRDA:157,9,1,0
BRDA:158,10,0,0
BRDA:158,10,1,0
BRDA:174,11,0,0
BRDA:174,12,0,0
BRDA:174,12,1,0
BRDA:174,12,2,0
BRDA:196,13,0,0
BRDA:196,13,1,0
BRDA:200,14,0,0
BRDA:200,15,0,0
BRDA:200,15,1,0
BRDA:221,16,0,0
BRDA:221,16,1,0
BRDA:221,16,2,0
BRDA:221,16,3,0
BRDA:234,17,0,0
BRF:35
BRH:0
end_of_record
TN:
SF:src/debug/DebugInspector.tsx
FN:4,(anonymous_0)
FN:20,(anonymous_1)
FN:31,(anonymous_2)
FN:34,(anonymous_3)
FN:40,(anonymous_4)
FN:44,(anonymous_5)
FN:50,(anonymous_6)
FN:76,(anonymous_7)
FN:80,(anonymous_8)
FN:91,(anonymous_9)
FN:139,(anonymous_10)
FN:152,(anonymous_11)
FN:165,(anonymous_12)
FN:183,(anonymous_13)
FN:248,(anonymous_14)
FN:266,(anonymous_15)
FN:284,(anonymous_16)
FN:305,(anonymous_17)
FN:359,(anonymous_18)
FN:379,(anonymous_19)
FNF:20
FNH:0
FNDA:0,(anonymous_0)
FNDA:0,(anonymous_1)
FNDA:0,(anonymous_2)
FNDA:0,(anonymous_3)
FNDA:0,(anonymous_4)
FNDA:0,(anonymous_5)
FNDA:0,(anonymous_6)
FNDA:0,(anonymous_7)
FNDA:0,(anonymous_8)
FNDA:0,(anonymous_9)
FNDA:0,(anonymous_10)
FNDA:0,(anonymous_11)
FNDA:0,(anonymous_12)
FNDA:0,(anonymous_13)
FNDA:0,(anonymous_14)
FNDA:0,(anonymous_15)
FNDA:0,(anonymous_16)
FNDA:0,(anonymous_17)
FNDA:0,(anonymous_18)
FNDA:0,(anonymous_19)
DA:4,0
DA:9,0
DA:10,0
DA:11,0
DA:12,0
DA:13,0
DA:14,0
DA:15,0
DA:17,0
DA:20,0
DA:21,0
DA:22,0
DA:23,0
DA:24,0
DA:26,0
DA:27,0
DA:31,0
DA:32,0
DA:33,0
DA:34,0
DA:36,0
DA:40,0
DA:41,0
DA:44,0
DA:45,0
DA:46,0
DA:47,0
DA:50,0
DA:51,0
DA:63,0
DA:65,0
DA:67,0
DA:69,0
DA:72,0
DA:76,0
DA:77,0
DA:80,0
DA:81,0
DA:82,0
DA:83,0
DA:84,0
DA:85,0
DA:86,0
DA:87,0
DA:91,0
DA:92,0
DA:97,0
DA:98,0
DA:99,0
DA:100,0
DA:101,0
DA:102,0
DA:103,0
DA:106,0
DA:107,0
DA:126,0
DA:139,0
DA:152,0
DA:165,0
DA:183,0
DA:248,0
DA:266,0
DA:284,0
DA:306,0
DA:359,0
DA:380,0
LF:66
LH:0
BRDA:5,0,0,0
BRDA:6,1,0,0
BRDA:22,2,0,0
BRDA:23,3,0,0
BRDA:32,4,0,0
BRDA:32,5,0,0
BRDA:32,5,1,0
BRDA:63,6,0,0
BRDA:63,6,1,0
BRDA:63,6,2,0
BRDA:63,6,3,0
BRDA:63,6,4,0
BRDA:81,7,0,0
BRDA:81,7,1,0
BRDA:81,7,2,0
BRDA:81,7,3,0
BRDA:81,7,4,0
BRDA:81,7,5,0
BRDA:106,8,0,0
BRDA:141,9,0,0
BRDA:141,9,1,0
BRDA:154,10,0,0
BRDA:154,10,1,0
BRDA:167,11,0,0
BRDA:167,11,1,0
BRDA:235,12,0,0
BRDA:235,12,1,0
BRDA:332,13,0,0
BRDA:332,13,1,0
BRDA:348,14,0,0
BRDA:348,14,1,0
BRDA:402,15,0,0
BRDA:402,15,1,0
BRDA:418,16,0,0
BRDA:418,16,1,0
BRF:35
BRH:0
end_of_record
TN:
SF:src/debug/DebugUtils.ts
FN:58,(anonymous_0)
FN:72,(anonymous_1)
FN:80,(anonymous_2)
FN:85,(anonymous_3)
FN:90,(anonymous_4)
FN:124,(anonymous_5)
FN:134,(anonymous_6)
FN:138,(anonymous_7)
FN:142,(anonymous_8)
FN:146,(anonymous_9)
FN:151,(anonymous_10)
FN:178,(anonymous_11)
FN:225,(anonymous_12)
FN:239,(anonymous_13)
FN:253,(anonymous_14)
FN:295,(anonymous_15)
FN:308,(anonymous_16)
FN:322,(anonymous_17)
FN:332,(anonymous_18)
FN:335,(anonymous_19)
FN:338,(anonymous_20)
FN:348,(anonymous_21)
FN:352,(anonymous_22)
FN:362,(anonymous_23)
FN:367,(anonymous_24)
FN:373,(anonymous_25)
FN:380,(anonymous_26)
FN:388,(anonymous_27)
FN:391,(anonymous_28)
FN:396,(anonymous_29)
FN:403,(anonymous_30)
FN:425,(anonymous_31)
FN:439,(anonymous_32)
FN:445,(anonymous_33)
FN:460,(anonymous_34)
FN:465,(anonymous_35)
FN:470,(anonymous_36)
FN:476,useConciergusDebug
FN:508,(anonymous_38)
FN:528,(anonymous_39)
FN:548,(anonymous_40)
FN:553,(anonymous_41)
FN:573,(anonymous_42)
FN:587,(anonymous_43)
FN:601,(anonymous_44)
FN:605,(anonymous_45)
FN:614,(anonymous_46)
FN:621,(anonymous_47)
FN:628,(anonymous_48)
FN:635,(anonymous_49)
FN:656,(anonymous_50)
FN:658,(anonymous_51)
FN:663,(anonymous_52)
FN:697,(anonymous_53)
FN:702,(anonymous_54)
FN:711,(anonymous_55)
FN:712,(anonymous_56)
FN:721,(anonymous_57)
FN:728,(anonymous_58)
FN:732,(anonymous_59)
FN:736,(anonymous_60)
FN:740,(anonymous_61)
FN:746,initializeDebugging
FN:770,(anonymous_63)
FN:771,(anonymous_64)
FN:772,(anonymous_65)
FN:773,(anonymous_66)
FNF:67
FNH:0
FNDA:0,(anonymous_0)
FNDA:0,(anonymous_1)
FNDA:0,(anonymous_2)
FNDA:0,(anonymous_3)
FNDA:0,(anonymous_4)
FNDA:0,(anonymous_5)
FNDA:0,(anonymous_6)
FNDA:0,(anonymous_7)
FNDA:0,(anonymous_8)
FNDA:0,(anonymous_9)
FNDA:0,(anonymous_10)
FNDA:0,(anonymous_11)
FNDA:0,(anonymous_12)
FNDA:0,(anonymous_13)
FNDA:0,(anonymous_14)
FNDA:0,(anonymous_15)
FNDA:0,(anonymous_16)
FNDA:0,(anonymous_17)
FNDA:0,(anonymous_18)
FNDA:0,(anonymous_19)
FNDA:0,(anonymous_20)
FNDA:0,(anonymous_21)
FNDA:0,(anonymous_22)
FNDA:0,(anonymous_23)
FNDA:0,(anonymous_24)
FNDA:0,(anonymous_25)
FNDA:0,(anonymous_26)
FNDA:0,(anonymous_27)
FNDA:0,(anonymous_28)
FNDA:0,(anonymous_29)
FNDA:0,(anonymous_30)
FNDA:0,(anonymous_31)
FNDA:0,(anonymous_32)
FNDA:0,(anonymous_33)
FNDA:0,(anonymous_34)
FNDA:0,(anonymous_35)
FNDA:0,(anonymous_36)
FNDA:0,useConciergusDebug
FNDA:0,(anonymous_38)
FNDA:0,(anonymous_39)
FNDA:0,(anonymous_40)
FNDA:0,(anonymous_41)
FNDA:0,(anonymous_42)
FNDA:0,(anonymous_43)
FNDA:0,(anonymous_44)
FNDA:0,(anonymous_45)
FNDA:0,(anonymous_46)
FNDA:0,(anonymous_47)
FNDA:0,(anonymous_48)
FNDA:0,(anonymous_49)
FNDA:0,(anonymous_50)
FNDA:0,(anonymous_51)
FNDA:0,(anonymous_52)
FNDA:0,(anonymous_53)
FNDA:0,(anonymous_54)
FNDA:0,(anonymous_55)
FNDA:0,(anonymous_56)
FNDA:0,(anonymous_57)
FNDA:0,(anonymous_58)
FNDA:0,(anonymous_59)
FNDA:0,(anonymous_60)
FNDA:0,(anonymous_61)
FNDA:0,initializeDebugging
FNDA:0,(anonymous_63)
FNDA:0,(anonymous_64)
FNDA:0,(anonymous_65)
FNDA:0,(anonymous_66)
DA:54,0
DA:55,0
DA:56,0
DA:59,0
DA:73,0
DA:74,0
DA:76,0
DA:81,0
DA:82,0
DA:86,0
DA:97,0
DA:98,0
DA:101,0
DA:112,0
DA:113,0
DA:116,0
DA:119,0
DA:120,0
DA:125,0
DA:135,0
DA:139,0
DA:143,0
DA:147,0
DA:152,0
DA:153,0
DA:156,0
DA:157,0
DA:158,0
DA:166,0
DA:174,0
DA:175,0
DA:179,0
DA:180,0
DA:183,0
DA:184,0
DA:185,0
DA:186,0
DA:189,0
DA:190,0
DA:191,0
DA:193,0
DA:206,0
DA:211,0
DA:213,0
DA:214,0
DA:216,0
DA:221,0
DA:226,0
DA:227,0
DA:230,0
DA:240,0
DA:241,0
DA:244,0
DA:254,0
DA:261,0
DA:262,0
DA:266,0
DA:267,0
DA:271,0
DA:272,0
DA:276,0
DA:277,0
DA:280,0
DA:281,0
DA:284,0
DA:291,0
DA:296,0
DA:297,0
DA:298,0
DA:305,0
DA:309,0
DA:310,0
DA:313,0
DA:314,0
DA:328,0
DA:330,0
DA:331,0
DA:332,0
DA:334,0
DA:335,0
DA:337,0
DA:338,0
DA:340,0
DA:341,0
DA:345,0
DA:349,0
DA:351,0
DA:352,0
DA:355,0
DA:356,0
DA:359,0
DA:363,0
DA:364,0
DA:368,0
DA:369,0
DA:374,0
DA:375,0
DA:379,0
DA:380,0
DA:388,0
DA:392,0
DA:397,0
DA:398,0
DA:399,0
DA:400,0
DA:404,0
DA:405,0
DA:407,0
DA:415,0
DA:416,0
DA:426,0
DA:427,0
DA:428,0
DA:429,0
DA:430,0
DA:431,0
DA:432,0
DA:440,0
DA:441,0
DA:446,0
DA:448,0
DA:449,0
DA:451,0
DA:452,0
DA:453,0
DA:457,0
DA:462,0
DA:467,0
DA:471,0
DA:477,0
DA:479,0
DA:506,0
DA:513,0
DA:514,0
DA:516,0
DA:517,0
DA:518,0
DA:519,0
DA:521,0
DA:522,0
DA:523,0
DA:533,0
DA:534,0
DA:536,0
DA:537,0
DA:538,0
DA:539,0
DA:541,0
DA:542,0
DA:543,0
DA:553,0
DA:554,0
DA:555,0
DA:557,0
DA:558,0
DA:559,0
DA:560,0
DA:562,0
DA:563,0
DA:571,0
DA:574,0
DA:575,0
DA:576,0
DA:577,0
DA:578,0
DA:579,0
DA:581,0
DA:582,0
DA:583,0
DA:588,0
DA:589,0
DA:590,0
DA:591,0
DA:592,0
DA:593,0
DA:595,0
DA:596,0
DA:597,0
DA:602,0
DA:606,0
DA:612,0
DA:615,0
DA:616,0
DA:618,0
DA:625,0
DA:626,0
DA:628,0
DA:629,0
DA:630,0
DA:631,0
DA:635,0
DA:636,0
DA:637,0
DA:638,0
DA:639,0
DA:647,0
DA:657,0
DA:658,0
DA:661,0
DA:663,0
DA:664,0
DA:665,0
DA:666,0
DA:668,0
DA:669,0
DA:670,0
DA:672,0
DA:680,0
DA:682,0
DA:684,0
DA:693,0
DA:697,0
DA:698,0
DA:707,0
DA:708,0
DA:711,0
DA:712,0
DA:714,0
DA:722,0
DA:729,0
DA:733,0
DA:737,0
DA:741,0
DA:753,0
DA:755,0
DA:756,0
DA:759,0
DA:760,0
DA:763,0
DA:764,0
DA:765,0
DA:768,0
DA:769,0
DA:770,0
DA:771,0
DA:772,0
DA:774,0
DA:775,0
DA:778,0
LF:239
LH:0
BRDA:58,0,0,0
BRDA:73,1,0,0
BRDA:97,2,0,0
BRDA:97,3,0,0
BRDA:97,3,1,0
BRDA:108,4,0,0
BRDA:108,4,1,0
BRDA:109,5,0,0
BRDA:109,5,1,0
BRDA:109,5,2,0
BRDA:119,6,0,0
BRDA:126,7,0,0
BRDA:126,7,1,0
BRDA:152,8,0,0
BRDA:152,9,0,0
BRDA:152,9,1,0
BRDA:179,10,0,0
BRDA:179,11,0,0
BRDA:179,11,1,0
BRDA:179,11,2,0
BRDA:184,12,0,0
BRDA:226,13,0,0
BRDA:226,14,0,0
BRDA:226,14,1,0
BRDA:240,15,0,0
BRDA:240,16,0,0
BRDA:240,16,1,0
BRDA:247,17,0,0
BRDA:247,17,1,0
BRDA:261,18,0,0
BRDA:261,19,0,0
BRDA:261,19,1,0
BRDA:266,20,0,0
BRDA:266,21,0,0
BRDA:266,21,1,0
BRDA:271,22,0,0
BRDA:271,23,0,0
BRDA:271,23,1,0
BRDA:276,24,0,0
BRDA:280,25,0,0
BRDA:280,26,0,0
BRDA:280,26,1,0
BRDA:296,27,0,0
BRDA:296,28,0,0
BRDA:296,28,1,0
BRDA:309,29,0,0
BRDA:309,30,0,0
BRDA:309,30,1,0
BRDA:330,31,0,0
BRDA:331,32,0,0
BRDA:334,33,0,0
BRDA:337,34,0,0
BRDA:340,35,0,0
BRDA:351,36,0,0
BRDA:355,37,0,0
BRDA:373,38,0,0
BRDA:374,39,0,0
BRDA:385,40,0,0
BRDA:385,40,1,0
BRDA:415,41,0,0
BRDA:415,42,0,0
BRDA:415,42,1,0
BRDA:420,43,0,0
BRDA:420,43,1,0
BRDA:427,44,0,0
BRDA:427,45,0,0
BRDA:427,45,1,0
BRDA:430,46,0,0
BRDA:430,46,1,0
BRDA:440,47,0,0
BRDA:446,48,0,0
BRDA:452,49,0,0
BRDA:462,50,0,0
BRDA:462,50,1,0
BRDA:467,51,0,0
BRDA:467,51,1,0
BRDA:615,52,0,0
BRDA:615,53,0,0
BRDA:615,53,1,0
BRDA:630,54,0,0
BRDA:630,55,0,0
BRDA:630,55,1,0
BRDA:638,56,0,0
BRDA:657,57,0,0
BRDA:657,58,0,0
BRDA:657,58,1,0
BRDA:665,59,0,0
BRDA:665,59,1,0
BRDA:666,60,0,0
BRDA:666,60,1,0
BRDA:707,61,0,0
BRDA:711,62,0,0
BRDA:711,62,1,0
BRDA:729,63,0,0
BRDA:729,63,1,0
BRDA:733,64,0,0
BRDA:733,64,1,0
BRDA:737,65,0,0
BRDA:737,65,1,0
BRDA:741,66,0,0
BRDA:741,66,1,0
BRDA:755,67,0,0
BRDA:759,68,0,0
BRDA:763,69,0,0
BRDA:768,70,0,0
BRDA:768,71,0,0
BRDA:768,71,1,0
BRF:107
BRH:0
end_of_record
TN:
SF:src/debug/ai-sdk-debug.ts
FN:54,(anonymous_0)
FN:71,(anonymous_1)
FN:101,(anonymous_2)
FN:114,(anonymous_3)
FN:138,(anonymous_4)
FN:179,(anonymous_5)
FN:205,(anonymous_6)
FN:231,(anonymous_7)
FN:233,(anonymous_8)
FN:244,(anonymous_9)
FN:263,(anonymous_10)
FN:263,(anonymous_11)
FN:264,(anonymous_12)
FN:264,(anonymous_13)
FN:265,(anonymous_14)
FN:266,(anonymous_15)
FN:271,(anonymous_16)
FN:274,(anonymous_17)
FN:284,(anonymous_18)
FN:291,(anonymous_19)
FN:292,(anonymous_20)
FN:298,(anonymous_21)
FN:309,(anonymous_22)
FN:326,(anonymous_23)
FN:333,(anonymous_24)
FN:346,(anonymous_25)
FN:352,(anonymous_26)
FN:372,(anonymous_27)
FN:373,(anonymous_28)
FN:374,(anonymous_29)
FN:375,(anonymous_30)
FN:376,(anonymous_31)
FN:381,(anonymous_32)
FN:382,(anonymous_33)
FN:387,(anonymous_34)
FN:388,(anonymous_35)
FN:389,(anonymous_36)
FN:394,(anonymous_37)
FN:395,(anonymous_38)
FN:396,(anonymous_39)
FN:397,(anonymous_40)
FN:405,(anonymous_41)
FN:423,(anonymous_42)
FN:427,(anonymous_43)
FN:439,(anonymous_44)
FN:444,(anonymous_45)
FN:466,(anonymous_46)
FNF:47
FNH:0
FNDA:0,(anonymous_0)
FNDA:0,(anonymous_1)
FNDA:0,(anonymous_2)
FNDA:0,(anonymous_3)
FNDA:0,(anonymous_4)
FNDA:0,(anonymous_5)
FNDA:0,(anonymous_6)
FNDA:0,(anonymous_7)
FNDA:0,(anonymous_8)
FNDA:0,(anonymous_9)
FNDA:0,(anonymous_10)
FNDA:0,(anonymous_11)
FNDA:0,(anonymous_12)
FNDA:0,(anonymous_13)
FNDA:0,(anonymous_14)
FNDA:0,(anonymous_15)
FNDA:0,(anonymous_16)
FNDA:0,(anonymous_17)
FNDA:0,(anonymous_18)
FNDA:0,(anonymous_19)
FNDA:0,(anonymous_20)
FNDA:0,(anonymous_21)
FNDA:0,(anonymous_22)
FNDA:0,(anonymous_23)
FNDA:0,(anonymous_24)
FNDA:0,(anonymous_25)
FNDA:0,(anonymous_26)
FNDA:0,(anonymous_27)
FNDA:0,(anonymous_28)
FNDA:0,(anonymous_29)
FNDA:0,(anonymous_30)
FNDA:0,(anonymous_31)
FNDA:0,(anonymous_32)
FNDA:0,(anonymous_33)
FNDA:0,(anonymous_34)
FNDA:0,(anonymous_35)
FNDA:0,(anonymous_36)
FNDA:0,(anonymous_37)
FNDA:0,(anonymous_38)
FNDA:0,(anonymous_39)
FNDA:0,(anonymous_40)
FNDA:0,(anonymous_41)
FNDA:0,(anonymous_42)
FNDA:0,(anonymous_43)
FNDA:0,(anonymous_44)
FNDA:0,(anonymous_45)
FNDA:0,(anonymous_46)
DA:49,0
DA:50,0
DA:51,0
DA:52,0
DA:55,0
DA:72,0
DA:73,0
DA:76,0
DA:77,0
DA:80,0
DA:83,0
DA:84,0
DA:88,0
DA:89,0
DA:93,0
DA:94,0
DA:102,0
DA:107,0
DA:108,0
DA:115,0
DA:116,0
DA:119,0
DA:123,0
DA:124,0
DA:125,0
DA:131,0
DA:132,0
DA:147,0
DA:148,0
DA:151,0
DA:152,0
DA:153,0
DA:154,0
DA:157,0
DA:158,0
DA:160,0
DA:161,0
DA:164,0
DA:165,0
DA:169,0
DA:170,0
DA:172,0
DA:173,0
DA:180,0
DA:181,0
DA:184,0
DA:185,0
DA:186,0
DA:189,0
DA:191,0
DA:192,0
DA:195,0
DA:211,0
DA:219,0
DA:222,0
DA:232,0
DA:233,0
DA:251,0
DA:253,0
DA:254,0
DA:263,0
DA:264,0
DA:265,0
DA:266,0
DA:268,0
DA:271,0
DA:274,0
DA:285,0
DA:292,0
DA:299,0
DA:300,0
DA:301,0
DA:302,0
DA:303,0
DA:316,0
DA:327,0
DA:328,0
DA:329,0
DA:330,0
DA:334,0
DA:335,0
DA:337,0
DA:339,0
DA:340,0
DA:342,0
DA:349,0
DA:353,0
DA:354,0
DA:355,0
DA:356,0
DA:357,0
DA:358,0
DA:359,0
DA:365,0
DA:368,0
DA:372,0
DA:373,0
DA:374,0
DA:375,0
DA:376,0
DA:381,0
DA:382,0
DA:387,0
DA:388,0
DA:389,0
DA:394,0
DA:395,0
DA:396,0
DA:397,0
DA:401,0
DA:406,0
DA:407,0
DA:409,0
DA:410,0
DA:411,0
DA:412,0
DA:414,0
DA:415,0
DA:416,0
DA:427,0
DA:428,0
DA:429,0
DA:431,0
DA:433,0
DA:434,0
DA:437,0
DA:438,0
DA:440,0
DA:441,0
DA:442,0
DA:445,0
DA:446,0
DA:447,0
DA:452,0
DA:453,0
DA:454,0
DA:456,0
DA:457,0
DA:458,0
DA:467,0
DA:468,0
DA:472,0
DA:473,0
DA:476,0
LF:144
LH:0
BRDA:54,0,0,0
BRDA:56,1,0,0
BRDA:56,1,1,0
BRDA:57,2,0,0
BRDA:57,2,1,0
BRDA:72,3,0,0
BRDA:72,4,0,0
BRDA:72,4,1,0
BRDA:83,5,0,0
BRDA:88,6,0,0
BRDA:93,7,0,0
BRDA:115,8,0,0
BRDA:115,9,0,0
BRDA:115,9,1,0
BRDA:123,10,0,0
BRDA:123,11,0,0
BRDA:123,11,1,0
BRDA:147,12,0,0
BRDA:147,13,0,0
BRDA:147,13,1,0
BRDA:152,14,0,0
BRDA:160,15,0,0
BRDA:164,16,0,0
BRDA:164,17,0,0
BRDA:164,17,1,0
BRDA:179,18,0,0
BRDA:180,19,0,0
BRDA:180,20,0,0
BRDA:180,20,1,0
BRDA:185,21,0,0
BRDA:191,22,0,0
BRDA:214,23,0,0
BRDA:214,23,1,0
BRDA:236,24,0,0
BRDA:236,24,1,0
BRDA:237,25,0,0
BRDA:237,25,1,0
BRDA:253,26,0,0
BRDA:265,27,0,0
BRDA:265,27,1,0
BRDA:266,28,0,0
BRDA:266,28,1,0
BRDA:270,29,0,0
BRDA:270,29,1,0
BRDA:273,30,0,0
BRDA:273,30,1,0
BRDA:284,31,0,0
BRDA:292,32,0,0
BRDA:292,32,1,0
BRDA:339,33,0,0
BRDA:339,33,1,0
BRDA:353,34,0,0
BRDA:353,34,1,0
BRDA:353,34,2,0
BRDA:353,34,3,0
BRDA:353,34,4,0
BRDA:353,34,5,0
BRDA:437,35,0,0
BRDA:437,36,0,0
BRDA:437,36,1,0
BRDA:467,37,0,0
BRDA:472,38,0,0
BRF:62
BRH:0
end_of_record
TN:
SF:src/errors/ErrorBoundary.tsx
FN:8,(anonymous_0)
FN:24,(anonymous_1)
FN:79,(anonymous_2)
FN:284,(anonymous_3)
FN:289,(anonymous_4)
FN:290,(anonymous_5)
FN:300,(anonymous_6)
FN:91,(anonymous_7)
FN:98,(anonymous_8)
FN:127,(anonymous_9)
FN:133,(anonymous_10)
FN:156,(anonymous_11)
FN:188,(anonymous_12)
FN:208,(anonymous_13)
FN:224,(anonymous_14)
FN:228,(anonymous_15)
FN:257,(anonymous_16)
FN:310,(anonymous_17)
FN:329,(anonymous_18)
FN:349,DefaultErrorFallback
FN:358,(anonymous_20)
FN:368,(anonymous_21)
FN:436,(anonymous_22)
FN:454,(anonymous_23)
FN:490,withErrorBoundary
FN:494,(anonymous_25)
FN:509,useErrorReporting
FN:511,(anonymous_27)
FN:520,(anonymous_28)
FN:537,(anonymous_29)
FN:560,(anonymous_30)
FN:567,(anonymous_31)
FN:573,(anonymous_32)
FN:579,(anonymous_33)
FN:586,(anonymous_34)
FN:593,(anonymous_35)
FNF:36
FNH:0
FNDA:0,(anonymous_0)
FNDA:0,(anonymous_1)
FNDA:0,(anonymous_2)
FNDA:0,(anonymous_3)
FNDA:0,(anonymous_4)
FNDA:0,(anonymous_5)
FNDA:0,(anonymous_6)
FNDA:0,(anonymous_7)
FNDA:0,(anonymous_8)
FNDA:0,(anonymous_9)
FNDA:0,(anonymous_10)
FNDA:0,(anonymous_11)
FNDA:0,(anonymous_12)
FNDA:0,(anonymous_13)
FNDA:0,(anonymous_14)
FNDA:0,(anonymous_15)
FNDA:0,(anonymous_16)
FNDA:0,(anonymous_17)
FNDA:0,(anonymous_18)
FNDA:0,DefaultErrorFallback
FNDA:0,(anonymous_20)
FNDA:0,(anonymous_21)
FNDA:0,(anonymous_22)
FNDA:0,(anonymous_23)
FNDA:0,withErrorBoundary
FNDA:0,(anonymous_25)
FNDA:0,useErrorReporting
FNDA:0,(anonymous_27)
FNDA:0,(anonymous_28)
FNDA:0,(anonymous_29)
FNDA:0,(anonymous_30)
FNDA:0,(anonymous_31)
FNDA:0,(anonymous_32)
FNDA:0,(anonymous_33)
FNDA:0,(anonymous_34)
FNDA:0,(anonymous_35)
DA:8,0
DA:9,0
DA:10,0
DA:11,0
DA:12,0
DA:13,0
DA:14,0
DA:15,0
DA:16,0
DA:17,0
DA:18,0
DA:24,0
DA:25,0
DA:26,0
DA:27,0
DA:28,0
DA:77,0
DA:80,0
DA:82,0
DA:92,0
DA:99,0
DA:101,0
DA:107,0
DA:108,0
DA:112,0
DA:113,0
DA:117,0
DA:118,0
DA:122,0
DA:123,0
DA:128,0
DA:129,0
DA:134,0
DA:137,0
DA:138,0
DA:139,0
DA:140,0
DA:141,0
DA:142,0
DA:145,0
DA:153,0
DA:157,0
DA:158,0
DA:160,0
DA:161,0
DA:163,0
DA:164,0
DA:166,0
DA:167,0
DA:169,0
DA:170,0
DA:172,0
DA:173,0
DA:175,0
DA:176,0
DA:178,0
DA:179,0
DA:181,0
DA:182,0
DA:185,0
DA:189,0
DA:192,0
DA:196,0
DA:199,0
DA:202,0
DA:204,0
DA:209,0
DA:213,0
DA:218,0
DA:220,0
DA:225,0
DA:229,0
DA:241,0
DA:245,0
DA:258,0
DA:261,0
DA:280,0
DA:284,0
DA:285,0
DA:287,0
DA:289,0
DA:290,0
DA:300,0
DA:301,0
DA:311,0
DA:312,0
DA:314,0
DA:315,0
DA:318,0
DA:330,0
DA:331,0
DA:334,0
DA:356,0
DA:358,0
DA:359,0
DA:360,0
DA:361,0
DA:362,0
DA:363,0
DA:364,0
DA:368,0
DA:369,0
DA:370,0
DA:371,0
DA:372,0
DA:373,0
DA:374,0
DA:375,0
DA:376,0
DA:377,0
DA:378,0
DA:379,0
DA:383,0
DA:436,0
DA:454,0
DA:494,0
DA:495,0
DA:500,0
DA:503,0
DA:510,0
DA:512,0
DA:513,0
DA:514,0
DA:517,0
DA:521,0
DA:526,0
DA:548,0
DA:549,0
DA:550,0
DA:551,0
DA:552,0
DA:553,0
DA:554,0
DA:555,0
DA:557,0
DA:561,0
DA:568,0
DA:574,0
DA:580,0
DA:587,0
DA:594,0
LF:141
LH:0
BRDA:8,0,0,0
BRDA:8,0,1,0
BRDA:24,1,0,0
BRDA:24,1,1,0
BRDA:287,2,0,0
BRDA:287,2,1,0
BRDA:107,3,0,0
BRDA:112,4,0,0
BRDA:117,5,0,0
BRDA:122,6,0,0
BRDA:122,7,0,0
BRDA:122,7,1,0
BRDA:122,8,0,0
BRDA:122,8,1,0
BRDA:128,9,0,0
BRDA:137,10,0,0
BRDA:138,11,0,0
BRDA:138,11,1,0
BRDA:160,12,0,0
BRDA:160,13,0,0
BRDA:160,13,1,0
BRDA:160,13,2,0
BRDA:163,14,0,0
BRDA:163,15,0,0
BRDA:163,15,1,0
BRDA:163,15,2,0
BRDA:166,16,0,0
BRDA:166,17,0,0
BRDA:166,17,1,0
BRDA:169,18,0,0
BRDA:169,19,0,0
BRDA:169,19,1,0
BRDA:172,20,0,0
BRDA:172,21,0,0
BRDA:172,21,1,0
BRDA:175,22,0,0
BRDA:175,23,0,0
BRDA:175,23,1,0
BRDA:175,23,2,0
BRDA:178,24,0,0
BRDA:178,25,0,0
BRDA:178,25,1,0
BRDA:181,26,0,0
BRDA:181,27,0,0
BRDA:181,27,1,0
BRDA:189,28,0,0
BRDA:189,28,1,0
BRDA:189,28,2,0
BRDA:189,28,3,0
BRDA:189,28,4,0
BRDA:189,28,5,0
BRDA:189,28,6,0
BRDA:189,28,7,0
BRDA:189,28,8,0
BRDA:189,28,9,0
BRDA:209,29,0,0
BRDA:209,29,1,0
BRDA:209,29,2,0
BRDA:209,29,3,0
BRDA:209,29,4,0
BRDA:209,29,5,0
BRDA:209,29,6,0
BRDA:209,29,7,0
BRDA:235,30,0,0
BRDA:235,30,1,0
BRDA:236,31,0,0
BRDA:236,31,1,0
BRDA:237,32,0,0
BRDA:237,32,1,0
BRDA:238,33,0,0
BRDA:238,33,1,0
BRDA:314,34,0,0
BRDA:314,35,0,0
BRDA:314,35,1,0
BRDA:324,36,0,0
BRDA:324,36,1,0
BRDA:330,37,0,0
BRDA:356,38,0,0
BRDA:359,39,0,0
BRDA:359,39,1,0
BRDA:359,39,2,0
BRDA:359,39,3,0
BRDA:359,39,4,0
BRDA:369,40,0,0
BRDA:369,40,1,0
BRDA:369,40,2,0
BRDA:369,40,3,0
BRDA:369,40,4,0
BRDA:369,40,5,0
BRDA:369,40,6,0
BRDA:369,40,7,0
BRDA:369,40,8,0
BRDA:369,40,9,0
BRDA:412,41,0,0
BRDA:412,41,1,0
BRDA:414,42,0,0
BRDA:414,42,1,0
BRDA:418,43,0,0
BRDA:418,43,1,0
BRDA:418,43,2,0
BRDA:424,44,0,0
BRDA:424,44,1,0
BRDA:429,45,0,0
BRDA:429,45,1,0
BRDA:433,46,0,0
BRDA:433,46,1,0
BRDA:451,47,0,0
BRDA:451,47,1,0
BRDA:451,47,2,0
BRDA:501,48,0,0
BRDA:501,48,1,0
BRDA:513,49,0,0
BRDA:550,50,0,0
BRDA:550,50,1,0
BRDA:551,51,0,0
BRDA:552,52,0,0
BRDA:554,53,0,0
BRDA:554,53,1,0
BRDA:555,54,0,0
BRDA:560,55,0,0
BRDA:582,56,0,0
BRDA:582,56,1,0
BRDA:586,57,0,0
BRF:123
BRH:0
end_of_record
TN:
SF:src/middleware/MiddlewarePipeline.ts
FN:65,(anonymous_0)
FN:72,(anonymous_1)
FN:82,(anonymous_2)
FN:89,(anonymous_3)
FN:96,(anonymous_4)
FN:100,(anonymous_5)
FN:109,(anonymous_6)
FN:110,(anonymous_7)
FN:114,(anonymous_8)
FN:127,(anonymous_9)
FN:164,(anonymous_10)
FN:171,(anonymous_11)
FN:184,(anonymous_12)
FN:194,(anonymous_13)
FN:195,(anonymous_14)
FN:205,(anonymous_15)
FN:213,(anonymous_16)
FN:241,(anonymous_17)
FN:248,(anonymous_18)
FN:289,(anonymous_19)
FN:293,(anonymous_20)
FN:343,(anonymous_21)
FN:362,(anonymous_22)
FN:392,(anonymous_23)
FN:398,(anonymous_24)
FN:432,(anonymous_25)
FN:436,(anonymous_26)
FNF:27
FNH:0
FNDA:0,(anonymous_0)
FNDA:0,(anonymous_1)
FNDA:0,(anonymous_2)
FNDA:0,(anonymous_3)
FNDA:0,(anonymous_4)
FNDA:0,(anonymous_5)
FNDA:0,(anonymous_6)
FNDA:0,(anonymous_7)
FNDA:0,(anonymous_8)
FNDA:0,(anonymous_9)
FNDA:0,(anonymous_10)
FNDA:0,(anonymous_11)
FNDA:0,(anonymous_12)
FNDA:0,(anonymous_13)
FNDA:0,(anonymous_14)
FNDA:0,(anonymous_15)
FNDA:0,(anonymous_16)
FNDA:0,(anonymous_17)
FNDA:0,(anonymous_18)
FNDA:0,(anonymous_19)
FNDA:0,(anonymous_20)
FNDA:0,(anonymous_21)
FNDA:0,(anonymous_22)
FNDA:0,(anonymous_23)
FNDA:0,(anonymous_24)
FNDA:0,(anonymous_25)
FNDA:0,(anonymous_26)
DA:66,0
DA:67,0
DA:73,0
DA:74,0
DA:76,0
DA:83,0
DA:90,0
DA:97,0
DA:101,0
DA:108,0
DA:109,0
DA:110,0
DA:112,0
DA:114,0
DA:115,0
DA:116,0
DA:119,0
DA:120,0
DA:122,0
DA:124,0
DA:128,0
DA:133,0
DA:134,0
DA:136,0
DA:137,0
DA:143,0
DA:144,0
DA:146,0
DA:152,0
DA:154,0
DA:155,0
DA:165,0
DA:167,0
DA:168,0
DA:171,0
DA:172,0
DA:174,0
DA:178,0
DA:179,0
DA:183,0
DA:184,0
DA:185,0
DA:188,0
DA:195,0
DA:206,0
DA:213,0
DA:214,0
DA:216,0
DA:218,0
DA:220,0
DA:221,0
DA:223,0
DA:226,0
DA:241,0
DA:246,0
DA:248,0
DA:249,0
DA:253,0
DA:254,0
DA:257,0
DA:258,0
DA:259,0
DA:263,0
DA:265,0
DA:266,0
DA:275,0
DA:276,0
DA:279,0
DA:280,0
DA:282,0
DA:289,0
DA:293,0
DA:294,0
DA:296,0
DA:297,0
DA:298,0
DA:302,0
DA:303,0
DA:305,0
DA:306,0
DA:309,0
DA:311,0
DA:312,0
DA:313,0
DA:314,0
DA:315,0
DA:316,0
DA:317,0
DA:321,0
DA:322,0
DA:325,0
DA:326,0
DA:330,0
DA:331,0
DA:336,0
DA:343,0
DA:344,0
DA:346,0
DA:347,0
DA:362,0
DA:363,0
DA:364,0
DA:366,0
DA:368,0
DA:379,0
DA:392,0
DA:398,0
DA:399,0
DA:400,0
DA:404,0
DA:405,0
DA:414,0
DA:417,0
DA:419,0
DA:420,0
DA:432,0
DA:436,0
DA:438,0
DA:439,0
DA:442,0
DA:445,0
DA:446,0
LF:122
LH:0
BRDA:73,0,0,0
BRDA:115,1,0,0
BRDA:115,2,0,0
BRDA:115,2,1,0
BRDA:120,3,0,0
BRDA:147,4,0,0
BRDA:147,4,1,0
BRDA:148,5,0,0
BRDA:148,5,1,0
BRDA:165,6,0,0
BRDA:168,7,0,0
BRDA:171,8,0,0
BRDA:171,9,0,0
BRDA:171,9,1,0
BRDA:172,10,0,0
BRDA:172,10,1,0
BRDA:178,11,0,0
BRDA:178,12,0,0
BRDA:178,12,1,0
BRDA:183,13,0,0
BRDA:183,14,0,0
BRDA:183,14,1,0
BRDA:183,14,2,0
BRDA:221,15,0,0
BRDA:221,15,1,0
BRDA:249,16,0,0
BRDA:249,16,1,0
BRDA:251,17,0,0
BRDA:251,17,1,0
BRDA:251,17,2,0
BRDA:258,18,0,0
BRDA:263,19,0,0
BRDA:263,19,1,0
BRDA:265,20,0,0
BRDA:265,21,0,0
BRDA:265,21,1,0
BRDA:294,22,0,0
BRDA:294,22,1,0
BRDA:296,23,0,0
BRDA:297,24,0,0
BRDA:311,25,0,0
BRDA:314,26,0,0
BRDA:314,26,1,0
BRDA:316,27,0,0
BRDA:325,28,0,0
BRDA:346,29,0,0
BRDA:375,30,0,0
BRDA:375,30,1,0
BRDA:400,31,0,0
BRDA:400,31,1,0
BRDA:400,32,0,0
BRDA:400,32,1,0
BRDA:400,32,2,0
BRDA:402,33,0,0
BRDA:402,33,1,0
BRDA:404,34,0,0
BRDA:409,35,0,0
BRDA:409,35,1,0
BRDA:410,36,0,0
BRDA:410,36,1,0
BRDA:411,37,0,0
BRDA:411,37,1,0
BRDA:419,38,0,0
BRDA:423,39,0,0
BRDA:423,39,1,0
BRDA:438,40,0,0
BRDA:438,41,0,0
BRDA:438,41,1,0
BRDA:445,42,0,0
BRDA:445,43,0,0
BRDA:445,43,1,0
BRF:71
BRH:0
end_of_record
TN:
SF:src/telemetry/EnterpriseTelemetryManager.ts
FN:120,(anonymous_0)
FN:130,(anonymous_1)
FN:146,(anonymous_2)
FN:153,(anonymous_3)
FN:204,(anonymous_4)
FN:280,(anonymous_5)
FN:286,(anonymous_6)
FN:305,(anonymous_7)
FN:315,(anonymous_8)
FN:320,(anonymous_9)
FN:334,(anonymous_10)
FN:342,(anonymous_11)
FN:345,(anonymous_12)
FN:369,(anonymous_13)
FN:431,(anonymous_14)
FN:438,(anonymous_15)
FN:455,(anonymous_16)
FN:471,(anonymous_17)
FN:487,(anonymous_18)
FN:503,(anonymous_19)
FN:506,(anonymous_20)
FN:507,(anonymous_21)
FN:508,(anonymous_22)
FN:524,(anonymous_23)
FN:531,(anonymous_24)
FN:539,(anonymous_25)
FN:546,(anonymous_26)
FN:583,(anonymous_27)
FN:610,(anonymous_28)
FN:644,(anonymous_29)
FNF:30
FNH:0
FNDA:0,(anonymous_0)
FNDA:0,(anonymous_1)
FNDA:0,(anonymous_2)
FNDA:0,(anonymous_3)
FNDA:0,(anonymous_4)
FNDA:0,(anonymous_5)
FNDA:0,(anonymous_6)
FNDA:0,(anonymous_7)
FNDA:0,(anonymous_8)
FNDA:0,(anonymous_9)
FNDA:0,(anonymous_10)
FNDA:0,(anonymous_11)
FNDA:0,(anonymous_12)
FNDA:0,(anonymous_13)
FNDA:0,(anonymous_14)
FNDA:0,(anonymous_15)
FNDA:0,(anonymous_16)
FNDA:0,(anonymous_17)
FNDA:0,(anonymous_18)
FNDA:0,(anonymous_19)
FNDA:0,(anonymous_20)
FNDA:0,(anonymous_21)
FNDA:0,(anonymous_22)
FNDA:0,(anonymous_23)
FNDA:0,(anonymous_24)
FNDA:0,(anonymous_25)
FNDA:0,(anonymous_26)
FNDA:0,(anonymous_27)
FNDA:0,(anonymous_28)
FNDA:0,(anonymous_29)
DA:109,0
DA:111,0
DA:116,0
DA:117,0
DA:118,0
DA:121,0
DA:122,0
DA:123,0
DA:124,0
DA:131,0
DA:132,0
DA:133,0
DA:136,0
DA:137,0
DA:139,0
DA:140,0
DA:147,0
DA:154,0
DA:157,0
DA:158,0
DA:159,0
DA:161,0
DA:165,0
DA:168,0
DA:169,0
DA:179,0
DA:180,0
DA:184,0
DA:185,0
DA:189,0
DA:190,0
DA:194,0
DA:195,0
DA:198,0
DA:205,0
DA:208,0
DA:214,0
DA:215,0
DA:222,0
DA:223,0
DA:233,0
DA:234,0
DA:244,0
DA:245,0
DA:255,0
DA:261,0
DA:262,0
DA:263,0
DA:274,0
DA:281,0
DA:284,0
DA:285,0
DA:286,0
DA:287,0
DA:288,0
DA:289,0
DA:290,0
DA:291,0
DA:293,0
DA:304,0
DA:305,0
DA:307,0
DA:316,0
DA:318,0
DA:321,0
DA:328,0
DA:335,0
DA:336,0
DA:343,0
DA:345,0
DA:346,0
DA:349,0
DA:352,0
DA:360,0
DA:361,0
DA:370,0
DA:371,0
DA:374,0
DA:375,0
DA:376,0
DA:378,0
DA:379,0
DA:380,0
DA:381,0
DA:383,0
DA:384,0
DA:388,0
DA:389,0
DA:391,0
DA:392,0
DA:395,0
DA:396,0
DA:397,0
DA:400,0
DA:402,0
DA:403,0
DA:404,0
DA:405,0
DA:408,0
DA:432,0
DA:441,0
DA:442,0
DA:444,0
DA:447,0
DA:448,0
DA:452,0
DA:456,0
DA:461,0
DA:465,0
DA:476,0
DA:492,0
DA:504,0
DA:505,0
DA:512,0
DA:513,0
DA:525,0
DA:532,0
DA:533,0
DA:540,0
DA:547,0
DA:550,0
DA:551,0
DA:555,0
DA:556,0
DA:557,0
DA:559,0
DA:564,0
DA:565,0
DA:569,0
DA:571,0
DA:572,0
DA:584,0
DA:611,0
DA:645,0
LF:134
LH:0
BRDA:131,0,0,0
BRDA:168,1,0,0
BRDA:170,2,0,0
BRDA:170,2,1,0
BRDA:171,3,0,0
BRDA:171,3,1,0
BRDA:172,4,0,0
BRDA:172,4,1,0
BRDA:173,5,0,0
BRDA:173,5,1,0
BRDA:174,6,0,0
BRDA:174,6,1,0
BRDA:179,7,0,0
BRDA:184,8,0,0
BRDA:189,9,0,0
BRDA:194,10,0,0
BRDA:214,11,0,0
BRDA:222,12,0,0
BRDA:226,13,0,0
BRDA:226,13,1,0
BRDA:233,14,0,0
BRDA:237,15,0,0
BRDA:237,15,1,0
BRDA:238,16,0,0
BRDA:238,16,1,0
BRDA:244,17,0,0
BRDA:248,18,0,0
BRDA:248,18,1,0
BRDA:249,19,0,0
BRDA:249,19,1,0
BRDA:261,20,0,0
BRDA:281,21,0,0
BRDA:281,21,1,0
BRDA:284,22,0,0
BRDA:284,23,0,0
BRDA:284,23,1,0
BRDA:288,24,0,0
BRDA:289,25,0,0
BRDA:289,25,1,0
BRDA:290,26,0,0
BRDA:316,27,0,0
BRDA:316,27,1,0
BRDA:343,28,0,0
BRDA:343,28,1,0
BRDA:360,29,0,0
BRDA:378,30,0,0
BRDA:383,31,0,0
BRDA:383,31,1,0
BRDA:384,32,0,0
BRDA:391,33,0,0
BRDA:391,33,1,0
BRDA:392,34,0,0
BRDA:396,35,0,0
BRDA:397,36,0,0
BRDA:402,37,0,0
BRDA:402,37,1,0
BRDA:402,38,0,0
BRDA:402,38,1,0
BRDA:402,38,2,0
BRDA:404,39,0,0
BRDA:404,40,0,0
BRDA:404,40,1,0
BRDA:404,40,2,0
BRDA:414,41,0,0
BRDA:414,41,1,0
BRDA:441,42,0,0
BRDA:441,42,1,0
BRDA:447,43,0,0
BRDA:504,44,0,0
BRDA:550,45,0,0
BRDA:564,46,0,0
BRF:71
BRH:0
end_of_record
TN:
SF:src/telemetry/OpenTelemetryConfig.ts
FN:57,(anonymous_0)
FN:110,(anonymous_1)
FN:191,(anonymous_2)
FN:198,(anonymous_3)
FN:199,(anonymous_4)
FN:218,(anonymous_5)
FN:225,(anonymous_6)
FN:232,(anonymous_7)
FN:251,(anonymous_8)
FN:272,(anonymous_9)
FN:291,(anonymous_10)
FNF:11
FNH:0
FNDA:0,(anonymous_0)
FNDA:0,(anonymous_1)
FNDA:0,(anonymous_2)
FNDA:0,(anonymous_3)
FNDA:0,(anonymous_4)
FNDA:0,(anonymous_5)
FNDA:0,(anonymous_6)
FNDA:0,(anonymous_7)
FNDA:0,(anonymous_8)
FNDA:0,(anonymous_9)
FNDA:0,(anonymous_10)
DA:51,0
DA:52,0
DA:58,0
DA:59,0
DA:60,0
DA:63,0
DA:66,0
DA:67,0
DA:68,0
DA:77,0
DA:79,0
DA:80,0
DA:81,0
DA:84,0
DA:87,0
DA:89,0
DA:90,0
DA:93,0
DA:94,0
DA:101,0
DA:110,0
DA:113,0
DA:124,0
DA:128,0
DA:129,0
DA:137,0
DA:142,0
DA:146,0
DA:149,0
DA:150,0
DA:151,0
DA:184,0
DA:188,0
DA:192,0
DA:196,0
DA:198,0
DA:199,0
DA:202,0
DA:203,0
DA:212,0
DA:219,0
DA:226,0
DA:238,0
DA:239,0
DA:240,0
DA:243,0
DA:244,0
DA:251,0
DA:252,0
DA:253,0
DA:254,0
DA:255,0
DA:257,0
DA:258,0
DA:262,0
DA:264,0
DA:278,0
DA:279,0
DA:280,0
DA:283,0
DA:284,0
DA:285,0
DA:292,0
DA:293,0
DA:299,0
DA:312,0
LF:66
LH:0
BRDA:58,0,0,0
BRDA:67,1,0,0
BRDA:67,1,1,0
BRDA:79,2,0,0
BRDA:89,3,0,0
BRDA:89,4,0,0
BRDA:89,4,1,0
BRDA:93,5,0,0
BRDA:96,6,0,0
BRDA:96,6,1,0
BRDA:128,7,0,0
BRDA:131,8,0,0
BRDA:131,8,1,0
BRDA:202,9,0,0
BRDA:238,10,0,0
BRDA:260,11,0,0
BRDA:260,11,1,0
BRDA:278,12,0,0
BRDA:292,13,0,0
BRF:19
BRH:0
end_of_record
