TN:
SF:src/components/ConciergusChatWidget.tsx
FN:185,(anonymous_0)
FN:206,(anonymous_1)
FN:260,(anonymous_2)
FN:339,(anonymous_3)
FN:350,(anonymous_4)
FN:357,(anonymous_5)
FN:363,(anonymous_6)
FN:411,(anonymous_7)
FN:463,(anonymous_8)
FN:480,(anonymous_9)
FN:493,(anonymous_10)
FN:594,(anonymous_11)
FNF:12
FNH:0
FNDA:0,(anonymous_0)
FNDA:0,(anonymous_1)
FNDA:0,(anonymous_2)
FNDA:0,(anonymous_3)
FNDA:0,(anonymous_4)
FNDA:0,(anonymous_5)
FNDA:0,(anonymous_6)
FNDA:0,(anonymous_7)
FNDA:0,(anonymous_8)
FNDA:0,(anonymous_9)
FNDA:0,(anonymous_10)
FNDA:0,(anonymous_11)
DA:185,0
DA:197,0
DA:198,0
DA:201,0
DA:208,0
DA:210,0
DA:211,0
DA:212,0
DA:215,0
DA:216,0
DA:219,0
DA:220,0
DA:221,0
DA:222,0
DA:226,0
DA:227,0
DA:260,0
DA:325,0
DA:336,0
DA:339,0
DA:350,0
DA:357,0
DA:359,0
DA:360,0
DA:363,0
DA:364,0
DA:365,0
DA:368,0
DA:369,0
DA:370,0
DA:372,0
DA:373,0
DA:374,0
DA:375,0
DA:376,0
DA:379,0
DA:381,0
DA:384,0
DA:398,0
DA:401,0
DA:402,0
DA:405,0
DA:406,0
DA:408,0
DA:409,0
DA:411,0
DA:412,0
DA:413,0
DA:414,0
DA:415,0
DA:420,0
DA:463,0
DA:464,0
DA:465,0
DA:468,0
DA:480,0
DA:481,0
DA:485,0
DA:493,0
DA:494,0
DA:504,0
DA:505,0
DA:517,0
DA:518,0
DA:532,0
DA:548,0
DA:595,0
DA:597,0
DA:598,0
LF:69
LH:0
BRDA:197,0,0,0
BRDA:208,1,0,0
BRDA:208,2,0,0
BRDA:208,2,1,0
BRDA:210,3,0,0
BRDA:210,3,1,0
BRDA:211,4,0,0
BRDA:211,4,1,0
BRDA:215,5,0,0
BRDA:215,6,0,0
BRDA:215,6,1,0
BRDA:219,7,0,0
BRDA:219,8,0,0
BRDA:219,8,1,0
BRDA:220,9,0,0
BRDA:220,9,1,0
BRDA:226,10,0,0
BRDA:277,11,0,0
BRDA:283,12,0,0
BRDA:284,13,0,0
BRDA:285,14,0,0
BRDA:286,15,0,0
BRDA:287,16,0,0
BRDA:294,17,0,0
BRDA:295,18,0,0
BRDA:296,19,0,0
BRDA:297,20,0,0
BRDA:300,21,0,0
BRDA:301,22,0,0
BRDA:303,23,0,0
BRDA:306,24,0,0
BRDA:307,25,0,0
BRDA:308,26,0,0
BRDA:359,27,0,0
BRDA:368,28,0,0
BRDA:368,28,1,0
BRDA:369,29,0,0
BRDA:369,29,1,0
BRDA:370,30,0,0
BRDA:370,30,1,0
BRDA:373,31,0,0
BRDA:373,31,1,0
BRDA:376,32,0,0
BRDA:376,32,1,0
BRDA:376,32,2,0
BRDA:379,33,0,0
BRDA:379,33,1,0
BRDA:381,34,0,0
BRDA:381,34,1,0
BRDA:429,35,0,0
BRDA:429,35,1,0
BRDA:430,36,0,0
BRDA:430,36,1,0
BRDA:431,37,0,0
BRDA:431,37,1,0
BRDA:432,38,0,0
BRDA:432,38,1,0
BRDA:439,39,0,0
BRDA:439,39,1,0
BRDA:439,39,2,0
BRDA:440,40,0,0
BRDA:440,40,1,0
BRDA:440,40,2,0
BRDA:441,41,0,0
BRDA:441,41,1,0
BRDA:441,41,2,0
BRDA:442,42,0,0
BRDA:442,42,1,0
BRDA:442,42,2,0
BRDA:445,43,0,0
BRDA:445,43,1,0
BRDA:446,44,0,0
BRDA:446,44,1,0
BRDA:447,45,0,0
BRDA:447,45,1,0
BRDA:448,46,0,0
BRDA:448,46,1,0
BRDA:448,46,2,0
BRDA:448,46,3,0
BRDA:451,47,0,0
BRDA:451,47,1,0
BRDA:452,48,0,0
BRDA:452,48,1,0
BRDA:453,49,0,0
BRDA:453,49,1,0
BRDA:456,50,0,0
BRDA:456,50,1,0
BRDA:457,51,0,0
BRDA:457,51,1,0
BRDA:458,52,0,0
BRDA:458,52,1,0
BRDA:459,53,0,0
BRDA:459,53,1,0
BRDA:464,54,0,0
BRDA:464,55,0,0
BRDA:464,55,1,0
BRDA:470,56,0,0
BRDA:470,56,1,0
BRDA:471,57,0,0
BRDA:471,57,1,0
BRDA:471,58,0,0
BRDA:471,58,1,0
BRDA:471,59,0,0
BRDA:471,59,1,0
BRDA:501,60,0,0
BRDA:501,60,1,0
BRDA:504,61,0,0
BRDA:504,61,1,0
BRDA:512,62,0,0
BRDA:512,62,1,0
BRDA:517,63,0,0
BRDA:517,63,1,0
BRDA:553,64,0,0
BRDA:553,64,1,0
BRDA:562,65,0,0
BRDA:562,65,1,0
BRDA:573,66,0,0
BRDA:573,66,1,0
BRDA:576,67,0,0
BRDA:576,67,1,0
BRDA:576,68,0,0
BRDA:576,68,1,0
BRDA:587,69,0,0
BRDA:587,69,1,0
BRDA:590,70,0,0
BRDA:590,70,1,0
BRDA:593,71,0,0
BRDA:593,71,1,0
BRDA:593,72,0,0
BRDA:593,72,1,0
BRDA:593,73,0,0
BRDA:593,73,1,0
BRDA:601,74,0,0
BRDA:601,74,1,0
BRDA:601,74,2,0
BRDA:617,75,0,0
BRDA:617,75,1,0
BRDA:619,76,0,0
BRDA:619,76,1,0
BRDA:620,77,0,0
BRDA:620,77,1,0
BRDA:621,78,0,0
BRDA:621,78,1,0
BRDA:630,79,0,0
BRDA:630,79,1,0
BRDA:633,80,0,0
BRDA:633,80,1,0
BRDA:642,81,0,0
BRDA:642,81,1,0
BRDA:644,82,0,0
BRDA:644,82,1,0
BRF:151
BRH:0
end_of_record
TN:
SF:src/components/ConciergusMessageItem.tsx
FN:33,(anonymous_0)
FN:56,(anonymous_1)
FN:61,(anonymous_2)
FN:75,(anonymous_3)
FN:85,(anonymous_4)
FN:246,(anonymous_5)
FN:255,(anonymous_6)
FN:289,(anonymous_7)
FNF:8
FNH:0
FNDA:0,(anonymous_0)
FNDA:0,(anonymous_1)
FNDA:0,(anonymous_2)
FNDA:0,(anonymous_3)
FNDA:0,(anonymous_4)
FNDA:0,(anonymous_5)
FNDA:0,(anonymous_6)
FNDA:0,(anonymous_7)
DA:33,0
DA:53,0
DA:56,0
DA:57,0
DA:58,0
DA:59,0
DA:60,0
DA:61,0
DA:62,0
DA:63,0
DA:66,0
DA:70,0
DA:71,0
DA:72,0
DA:75,0
DA:76,0
DA:78,0
DA:86,0
DA:103,0
DA:104,0
DA:105,0
DA:121,0
DA:149,0
DA:150,0
DA:152,0
DA:153,0
DA:168,0
DA:190,0
DA:200,0
DA:201,0
DA:216,0
DA:226,0
DA:246,0
DA:256,0
DA:290,0
DA:291,0
LF:36
LH:0
BRDA:40,0,0,0
BRDA:41,1,0,0
BRDA:42,2,0,0
BRDA:47,3,0,0
BRDA:48,4,0,0
BRDA:49,5,0,0
BRDA:50,6,0,0
BRDA:57,7,0,0
BRDA:57,7,1,0
BRDA:58,8,0,0
BRDA:58,9,0,0
BRDA:58,9,1,0
BRDA:71,10,0,0
BRDA:71,10,1,0
BRDA:76,11,0,0
BRDA:76,11,1,0
BRDA:76,11,2,0
BRDA:76,11,3,0
BRDA:76,11,4,0
BRDA:76,11,5,0
BRDA:76,11,6,0
BRDA:103,12,0,0
BRDA:104,13,0,0
BRDA:104,13,1,0
BRDA:125,14,0,0
BRDA:125,14,1,0
BRDA:127,15,0,0
BRDA:127,15,1,0
BRDA:134,16,0,0
BRDA:134,16,1,0
BRDA:137,17,0,0
BRDA:137,17,1,0
BRDA:149,18,0,0
BRDA:150,19,0,0
BRDA:150,19,1,0
BRDA:173,20,0,0
BRDA:173,20,1,0
BRDA:200,21,0,0
BRDA:206,22,0,0
BRDA:206,22,1,0
BRDA:228,23,0,0
BRDA:228,23,1,0
BRDA:235,24,0,0
BRDA:235,24,1,0
BRDA:244,25,0,0
BRDA:244,25,1,0
BRDA:244,26,0,0
BRDA:244,26,1,0
BRDA:267,27,0,0
BRDA:267,27,1,0
BRDA:273,28,0,0
BRDA:273,28,1,0
BRDA:287,29,0,0
BRDA:287,29,1,0
BRDA:287,29,2,0
BRDA:290,30,0,0
BRDA:290,30,1,0
BRDA:308,31,0,0
BRDA:308,31,1,0
BRDA:308,32,0,0
BRDA:308,32,1,0
BRF:61
BRH:0
end_of_record
TN:
SF:src/components/ConciergusMessageList.tsx
FN:36,(anonymous_0)
FN:52,(anonymous_1)
FN:60,(anonymous_2)
FN:62,(anonymous_3)
FN:69,(anonymous_4)
FN:83,(anonymous_5)
FN:87,(anonymous_6)
FN:90,(anonymous_7)
FN:97,(anonymous_8)
FN:117,(anonymous_9)
FN:123,(anonymous_10)
FNF:11
FNH:0
FNDA:0,(anonymous_0)
FNDA:0,(anonymous_1)
FNDA:0,(anonymous_2)
FNDA:0,(anonymous_3)
FNDA:0,(anonymous_4)
FNDA:0,(anonymous_5)
FNDA:0,(anonymous_6)
FNDA:0,(anonymous_7)
FNDA:0,(anonymous_8)
FNDA:0,(anonymous_9)
FNDA:0,(anonymous_10)
DA:36,0
DA:48,0
DA:49,0
DA:52,0
DA:53,0
DA:54,0
DA:55,0
DA:60,0
DA:61,0
DA:62,0
DA:68,0
DA:70,0
DA:71,0
DA:72,0
DA:74,0
DA:76,0
DA:83,0
DA:84,0
DA:86,0
DA:88,0
DA:90,0
DA:93,0
DA:96,0
DA:97,0
DA:99,0
DA:103,0
DA:108,0
DA:118,0
DA:124,0
LF:29
LH:0
BRDA:41,0,0,0
BRDA:42,1,0,0
BRDA:43,2,0,0
BRDA:44,3,0,0
BRDA:45,4,0,0
BRDA:53,5,0,0
BRDA:53,6,0,0
BRDA:53,6,1,0
BRDA:61,7,0,0
BRDA:71,8,0,0
BRDA:71,8,1,0
BRDA:71,9,0,0
BRDA:71,9,1,0
BRDA:84,10,0,0
BRDA:84,11,0,0
BRDA:84,11,1,0
BRDA:88,12,0,0
BRDA:88,12,1,0
BRDA:88,12,2,0
BRDA:88,12,3,0
BRDA:93,13,0,0
BRDA:97,14,0,0
BRDA:97,14,1,0
BRDA:97,15,0,0
BRDA:97,15,1,0
BRDA:97,15,2,0
BRDA:103,16,0,0
BRDA:103,16,1,0
BRDA:103,17,0,0
BRDA:103,17,1,0
BRDA:110,18,0,0
BRDA:110,18,1,0
BRDA:130,19,0,0
BRDA:130,19,1,0
BRDA:143,20,0,0
BRDA:143,20,1,0
BRDA:143,20,2,0
BRDA:125,21,0,0
BRDA:125,21,1,0
BRF:39
BRH:0
end_of_record
TN:
SF:src/components/ConciergusMetadataDisplay.tsx
FN:63,(anonymous_0)
FN:96,(anonymous_1)
FN:126,(anonymous_2)
FN:131,(anonymous_3)
FN:138,(anonymous_4)
FN:149,(anonymous_5)
FN:154,(anonymous_6)
FN:159,(anonymous_7)
FN:164,(anonymous_8)
FNF:9
FNH:0
FNDA:0,(anonymous_0)
FNDA:0,(anonymous_1)
FNDA:0,(anonymous_2)
FNDA:0,(anonymous_3)
FNDA:0,(anonymous_4)
FNDA:0,(anonymous_5)
FNDA:0,(anonymous_6)
FNDA:0,(anonymous_7)
FNDA:0,(anonymous_8)
DA:63,0
DA:77,0
DA:84,0
DA:91,0
DA:92,0
DA:93,0
DA:96,0
DA:97,0
DA:98,0
DA:99,0
DA:102,0
DA:103,0
DA:106,0
DA:107,0
DA:108,0
DA:112,0
DA:113,0
DA:114,0
DA:117,0
DA:118,0
DA:120,0
DA:121,0
DA:126,0
DA:127,0
DA:129,0
DA:130,0
DA:131,0
DA:134,0
DA:138,0
DA:139,0
DA:140,0
DA:142,0
DA:143,0
DA:145,0
DA:149,0
DA:150,0
DA:154,0
DA:155,0
DA:159,0
DA:160,0
DA:164,0
DA:165,0
DA:166,0
DA:168,0
DA:171,0
DA:172,0
DA:185,0
DA:186,0
DA:199,0
LF:49
LH:0
BRDA:65,0,0,0
BRDA:66,1,0,0
BRDA:67,2,0,0
BRDA:68,3,0,0
BRDA:70,4,0,0
BRDA:72,5,0,0
BRDA:73,6,0,0
BRDA:74,7,0,0
BRDA:97,8,0,0
BRDA:106,9,0,0
BRDA:112,10,0,0
BRDA:112,11,0,0
BRDA:112,11,1,0
BRDA:120,12,0,0
BRDA:120,12,1,0
BRDA:129,13,0,0
BRDA:129,14,0,0
BRDA:129,14,1,0
BRDA:138,15,0,0
BRDA:139,16,0,0
BRDA:142,17,0,0
BRDA:165,18,0,0
BRDA:171,19,0,0
BRDA:174,20,0,0
BRDA:174,20,1,0
BRDA:185,21,0,0
BRDA:188,22,0,0
BRDA:188,22,1,0
BRDA:201,23,0,0
BRDA:201,23,1,0
BRDA:206,24,0,0
BRDA:206,24,1,0
BRDA:209,25,0,0
BRDA:209,25,1,0
BRDA:219,26,0,0
BRDA:219,26,1,0
BRDA:221,27,0,0
BRDA:221,27,1,0
BRDA:240,28,0,0
BRDA:240,28,1,0
BRDA:242,29,0,0
BRDA:242,29,1,0
BRDA:248,30,0,0
BRDA:248,30,1,0
BRDA:258,31,0,0
BRDA:258,31,1,0
BRDA:260,32,0,0
BRDA:260,32,1,0
BRDA:275,33,0,0
BRDA:275,33,1,0
BRDA:277,34,0,0
BRDA:277,34,1,0
BRDA:281,35,0,0
BRDA:281,35,1,0
BRDA:290,36,0,0
BRDA:290,36,1,0
BRDA:292,37,0,0
BRDA:292,37,1,0
BRDA:301,38,0,0
BRDA:301,38,1,0
BRF:60
BRH:0
end_of_record
TN:
SF:src/components/ConciergusModelSwitcher.tsx
FN:49,(anonymous_0)
FN:68,(anonymous_1)
FN:80,(anonymous_2)
FN:110,(anonymous_3)
FN:127,(anonymous_4)
FN:132,(anonymous_5)
FN:141,(anonymous_6)
FN:145,(anonymous_7)
FN:157,(anonymous_8)
FN:169,(anonymous_9)
FN:185,(anonymous_10)
FN:186,(anonymous_11)
FN:190,(anonymous_12)
FN:201,(anonymous_13)
FN:246,(anonymous_14)
FN:275,(anonymous_15)
FN:279,(anonymous_16)
FN:295,(anonymous_17)
FN:324,(anonymous_18)
FNF:19
FNH:0
FNDA:0,(anonymous_0)
FNDA:0,(anonymous_1)
FNDA:0,(anonymous_2)
FNDA:0,(anonymous_3)
FNDA:0,(anonymous_4)
FNDA:0,(anonymous_5)
FNDA:0,(anonymous_6)
FNDA:0,(anonymous_7)
FNDA:0,(anonymous_8)
FNDA:0,(anonymous_9)
FNDA:0,(anonymous_10)
FNDA:0,(anonymous_11)
FNDA:0,(anonymous_12)
FNDA:0,(anonymous_13)
FNDA:0,(anonymous_14)
FNDA:0,(anonymous_15)
FNDA:0,(anonymous_16)
FNDA:0,(anonymous_17)
FNDA:0,(anonymous_18)
DA:49,0
DA:62,0
DA:63,0
DA:64,0
DA:65,0
DA:68,0
DA:69,0
DA:70,0
DA:72,0
DA:73,0
DA:75,0
DA:77,0
DA:79,0
DA:81,0
DA:85,0
DA:86,0
DA:88,0
DA:94,0
DA:98,0
DA:110,0
DA:119,0
DA:120,0
DA:122,0
DA:123,0
DA:127,0
DA:128,0
DA:132,0
DA:134,0
DA:135,0
DA:137,0
DA:139,0
DA:141,0
DA:145,0
DA:146,0
DA:147,0
DA:148,0
DA:149,0
DA:150,0
DA:152,0
DA:153,0
DA:157,0
DA:158,0
DA:160,0
DA:161,0
DA:162,0
DA:163,0
DA:165,0
DA:169,0
DA:170,0
DA:172,0
DA:173,0
DA:174,0
DA:177,0
DA:178,0
DA:180,0
DA:185,0
DA:186,0
DA:190,0
DA:191,0
DA:193,0
DA:194,0
DA:195,0
DA:197,0
DA:201,0
DA:202,0
DA:204,0
DA:205,0
DA:206,0
DA:207,0
DA:209,0
DA:213,0
DA:215,0
DA:216,0
DA:229,0
DA:246,0
DA:276,0
DA:279,0
DA:296,0
DA:324,0
LF:79
LH:0
BRDA:53,0,0,0
BRDA:54,1,0,0
BRDA:55,2,0,0
BRDA:57,3,0,0
BRDA:58,4,0,0
BRDA:59,5,0,0
BRDA:75,6,0,0
BRDA:75,6,1,0
BRDA:81,7,0,0
BRDA:81,7,1,0
BRDA:85,8,0,0
BRDA:103,9,0,0
BRDA:103,9,1,0
BRDA:122,10,0,0
BRDA:122,10,1,0
BRDA:137,11,0,0
BRDA:146,12,0,0
BRDA:147,13,0,0
BRDA:148,14,0,0
BRDA:149,15,0,0
BRDA:150,16,0,0
BRDA:153,17,0,0
BRDA:153,17,1,0
BRDA:153,18,0,0
BRDA:153,18,1,0
BRDA:160,19,0,0
BRDA:161,20,0,0
BRDA:162,21,0,0
BRDA:163,22,0,0
BRDA:170,23,0,0
BRDA:173,24,0,0
BRDA:180,25,0,0
BRDA:180,25,1,0
BRDA:191,26,0,0
BRDA:202,27,0,0
BRDA:204,28,0,0
BRDA:204,28,1,0
BRDA:204,29,0,0
BRDA:204,29,1,0
BRDA:206,30,0,0
BRDA:206,30,1,0
BRDA:206,31,0,0
BRDA:206,31,1,0
BRDA:215,32,0,0
BRDA:218,33,0,0
BRDA:218,33,1,0
BRDA:231,34,0,0
BRDA:231,34,1,0
BRDA:237,35,0,0
BRDA:237,35,1,0
BRDA:245,36,0,0
BRDA:245,36,1,0
BRDA:247,37,0,0
BRDA:247,37,1,0
BRDA:251,38,0,0
BRDA:251,38,1,0
BRDA:257,39,0,0
BRDA:257,39,1,0
BRDA:257,39,2,0
BRDA:268,40,0,0
BRDA:268,40,1,0
BRDA:272,41,0,0
BRDA:272,41,1,0
BRDA:272,41,2,0
BRDA:278,42,0,0
BRDA:278,42,1,0
BRDA:278,43,0,0
BRDA:278,43,1,0
BRDA:289,44,0,0
BRDA:289,44,1,0
BRDA:289,44,2,0
BRDA:293,45,0,0
BRDA:293,45,1,0
BRDA:293,45,2,0
BRDA:303,46,0,0
BRDA:303,46,1,0
BRDA:303,46,2,0
BRDA:309,47,0,0
BRDA:309,47,1,0
BRDA:321,48,0,0
BRDA:321,48,1,0
BRF:81
BRH:0
end_of_record
TN:
SF:src/components/MessageMetadata.tsx
FN:26,(anonymous_1)
FN:40,(anonymous_2)
FN:47,(anonymous_3)
FN:58,(anonymous_4)
FNF:4
FNH:4
FNDA:6,(anonymous_1)
FNDA:5,(anonymous_2)
FNDA:5,(anonymous_3)
FNDA:7,(anonymous_4)
DA:1,1
DA:26,1
DA:35,6
DA:36,1
DA:40,5
DA:41,5
DA:42,1
DA:47,5
DA:48,5
DA:49,0
DA:50,5
DA:51,5
DA:53,0
DA:58,5
DA:59,7
DA:60,0
DA:62,7
DA:66,5
DA:67,1
DA:99,4
DA:247,1
LF:21
LH:18
BRDA:28,0,0,6
BRDA:29,1,0,5
BRDA:30,2,0,6
BRDA:32,3,0,4
BRDA:35,4,0,1
BRDA:41,5,0,1
BRDA:41,6,0,5
BRDA:41,6,1,5
BRDA:41,6,2,2
BRDA:48,7,0,0
BRDA:48,7,1,5
BRDA:50,8,0,5
BRDA:50,8,1,0
BRDA:59,9,0,0
BRDA:66,10,0,1
BRDA:70,11,0,1
BRDA:70,11,1,1
BRDA:72,12,0,1
BRDA:72,12,1,0
BRDA:75,13,0,1
BRDA:75,13,1,1
BRDA:80,14,0,1
BRDA:80,14,1,1
BRDA:85,15,0,1
BRDA:85,15,1,1
BRDA:87,16,0,0
BRDA:87,16,1,1
BRDA:104,17,0,4
BRDA:104,17,1,4
BRDA:104,17,2,2
BRDA:113,18,0,4
BRDA:113,18,1,4
BRDA:120,19,0,4
BRDA:120,19,1,0
BRDA:121,20,0,4
BRDA:121,20,1,4
BRDA:122,21,0,4
BRDA:122,21,1,0
BRDA:131,22,0,4
BRDA:131,22,1,4
BRDA:134,23,0,0
BRDA:134,23,1,4
BRDA:134,24,0,0
BRDA:134,24,1,4
BRDA:139,25,0,4
BRDA:139,25,1,3
BRDA:144,26,0,3
BRDA:144,26,1,3
BRDA:145,27,0,3
BRDA:145,27,1,0
BRDA:146,28,0,3
BRDA:146,28,1,0
BRDA:153,29,0,4
BRDA:153,29,1,0
BRDA:153,29,2,0
BRDA:153,29,3,4
BRDA:156,30,0,4
BRDA:156,30,1,4
BRDA:164,31,0,4
BRDA:164,31,1,3
BRDA:172,32,0,4
BRDA:172,32,1,3
BRDA:180,33,0,4
BRDA:180,33,1,3
BRDA:180,33,2,3
BRDA:192,34,0,4
BRDA:192,34,1,4
BRDA:197,35,0,2
BRDA:197,35,1,2
BRDA:201,36,0,4
BRDA:201,36,1,2
BRDA:213,37,0,4
BRDA:213,37,1,0
BRDA:216,38,0,0
BRDA:216,38,1,0
BRDA:224,39,0,0
BRDA:224,39,1,0
BRDA:224,39,2,0
BRDA:232,40,0,0
BRDA:232,40,1,0
BRDA:232,40,2,0
BRF:81
BRH:59
end_of_record
TN:
SF:src/components/ReasoningTrace.tsx
FN:31,(anonymous_10)
FN:48,(anonymous_11)
FN:56,(anonymous_12)
FN:67,(anonymous_13)
FN:71,(anonymous_14)
FN:76,(anonymous_15)
FN:88,(anonymous_16)
FN:102,(anonymous_17)
FN:109,(anonymous_18)
FN:113,(anonymous_19)
FN:136,(anonymous_20)
FN:163,(anonymous_21)
FN:175,(anonymous_22)
FN:199,(anonymous_23)
FN:206,(anonymous_24)
FN:247,(anonymous_25)
FN:256,(anonymous_26)
FN:280,(anonymous_27)
FN:289,(anonymous_28)
FN:302,(anonymous_29)
FN:325,(anonymous_30)
FNF:21
FNH:9
FNDA:9,(anonymous_10)
FNDA:8,(anonymous_11)
FNDA:1,(anonymous_12)
FNDA:0,(anonymous_13)
FNDA:0,(anonymous_14)
FNDA:10,(anonymous_15)
FNDA:10,(anonymous_16)
FNDA:10,(anonymous_17)
FNDA:0,(anonymous_18)
FNDA:0,(anonymous_19)
FNDA:1,(anonymous_20)
FNDA:0,(anonymous_21)
FNDA:0,(anonymous_22)
FNDA:7,(anonymous_23)
FNDA:0,(anonymous_24)
FNDA:0,(anonymous_25)
FNDA:0,(anonymous_26)
FNDA:0,(anonymous_27)
FNDA:0,(anonymous_28)
FNDA:10,(anonymous_29)
FNDA:0,(anonymous_30)
DA:1,1
DA:3,1
DA:4,1
DA:5,1
DA:31,1
DA:44,9
DA:45,9
DA:48,9
DA:49,8
DA:50,1
DA:52,7
DA:56,9
DA:57,1
DA:58,1
DA:59,0
DA:61,1
DA:63,1
DA:67,9
DA:68,0
DA:69,0
DA:71,0
DA:76,9
DA:77,10
DA:78,5
DA:79,0
DA:80,3
DA:81,0
DA:82,0
DA:83,2
DA:88,9
DA:89,10
DA:91,2
DA:92,2
DA:94,2
DA:102,9
DA:103,10
DA:105,10
DA:109,0
DA:114,0
DA:115,0
DA:137,1
DA:138,1
DA:164,0
DA:165,0
DA:176,0
DA:199,9
DA:200,7
DA:202,0
DA:207,0
DA:231,9
DA:232,1
DA:236,8
DA:237,1
DA:247,0
DA:257,0
DA:274,7
DA:280,0
DA:290,0
DA:291,0
DA:292,0
DA:302,10
DA:325,0
DA:335,1
LF:63
LH:41
BRDA:33,0,0,9
BRDA:34,1,0,9
BRDA:35,2,0,9
BRDA:36,3,0,9
BRDA:37,4,0,5
BRDA:38,5,0,8
BRDA:39,6,0,9
BRDA:40,7,0,8
BRDA:49,8,0,1
BRDA:52,9,0,7
BRDA:52,9,1,0
BRDA:58,10,0,0
BRDA:58,10,1,1
BRDA:68,11,0,0
BRDA:68,11,1,0
BRDA:77,12,0,5
BRDA:77,12,1,0
BRDA:77,12,2,3
BRDA:77,12,3,0
BRDA:77,12,4,0
BRDA:77,12,5,2
BRDA:89,13,0,8
BRDA:89,14,0,10
BRDA:89,14,1,6
BRDA:91,15,0,1
BRDA:91,15,1,1
BRDA:91,16,0,1
BRDA:91,16,1,0
BRDA:108,17,0,10
BRDA:108,17,1,2
BRDA:108,18,0,1
BRDA:108,18,1,9
BRDA:120,19,0,10
BRDA:120,19,1,10
BRDA:120,19,2,6
BRDA:123,20,0,10
BRDA:123,20,1,0
BRDA:123,20,2,0
BRDA:129,21,0,10
BRDA:129,21,1,0
BRDA:140,22,0,1
BRDA:140,22,1,9
BRDA:142,23,0,1
BRDA:142,23,1,9
BRDA:147,24,0,10
BRDA:147,24,1,1
BRDA:149,25,0,1
BRDA:149,25,1,0
BRDA:153,26,0,1
BRDA:153,26,1,0
BRDA:159,27,0,0
BRDA:159,27,1,0
BRDA:167,28,0,0
BRDA:167,28,1,0
BRDA:167,29,0,0
BRDA:167,29,1,0
BRDA:200,30,0,7
BRDA:200,31,0,7
BRDA:200,31,1,7
BRDA:208,32,0,0
BRDA:208,32,1,0
BRDA:211,33,0,0
BRDA:211,33,1,0
BRDA:218,34,0,0
BRDA:218,34,1,0
BRDA:231,35,0,1
BRDA:231,36,0,9
BRDA:231,36,1,9
BRDA:231,36,2,8
BRDA:236,37,0,1
BRDA:244,38,0,1
BRDA:244,38,1,1
BRDA:248,39,0,0
BRDA:248,39,1,1
BRDA:250,40,0,0
BRDA:250,40,1,1
BRDA:254,41,0,1
BRDA:254,41,1,0
BRDA:260,42,0,0
BRDA:260,42,1,0
BRDA:276,43,0,7
BRDA:276,43,1,0
BRDA:286,44,0,7
BRDA:286,44,1,3
BRDA:294,45,0,0
BRDA:294,45,1,3
BRDA:296,46,0,0
BRDA:296,46,1,3
BRDA:313,47,0,0
BRDA:313,47,1,0
BRDA:317,48,0,0
BRDA:317,48,1,0
BRDA:319,49,0,0
BRDA:319,49,1,0
BRF:94
BRH:55
end_of_record
TN:
SF:src/components/SourcesDisplay.tsx
FN:40,(anonymous_9)
FN:61,(anonymous_10)
FN:62,(anonymous_11)
FN:83,(anonymous_12)
FN:104,(anonymous_13)
FN:108,(anonymous_14)
FN:128,(anonymous_15)
FN:140,(anonymous_16)
FN:154,(anonymous_17)
FN:159,(anonymous_18)
FN:160,(anonymous_19)
FN:172,(anonymous_20)
FN:239,(anonymous_21)
FN:260,(anonymous_22)
FN:263,(anonymous_23)
FN:272,(anonymous_24)
FN:277,(anonymous_25)
FN:287,(anonymous_26)
FN:292,(anonymous_27)
FN:326,(anonymous_28)
FN:364,(anonymous_29)
FN:377,(anonymous_30)
FN:384,(anonymous_31)
FN:391,(anonymous_32)
FN:399,(anonymous_33)
FNF:25
FNH:19
FNDA:13,(anonymous_9)
FNDA:13,(anonymous_10)
FNDA:23,(anonymous_11)
FNDA:10,(anonymous_12)
FNDA:13,(anonymous_13)
FNDA:2,(anonymous_14)
FNDA:29,(anonymous_15)
FNDA:21,(anonymous_16)
FNDA:19,(anonymous_17)
FNDA:1,(anonymous_18)
FNDA:0,(anonymous_19)
FNDA:0,(anonymous_20)
FNDA:0,(anonymous_21)
FNDA:11,(anonymous_22)
FNDA:8,(anonymous_23)
FNDA:1,(anonymous_24)
FNDA:1,(anonymous_25)
FNDA:8,(anonymous_26)
FNDA:0,(anonymous_27)
FNDA:2,(anonymous_28)
FNDA:0,(anonymous_29)
FNDA:2,(anonymous_30)
FNDA:2,(anonymous_31)
FNDA:17,(anonymous_32)
FNDA:0,(anonymous_33)
DA:1,1
DA:40,1
DA:55,13
DA:56,13
DA:57,13
DA:58,13
DA:61,13
DA:62,13
DA:64,23
DA:65,2
DA:67,2
DA:71,2
DA:75,22
DA:76,0
DA:79,22
DA:83,13
DA:84,10
DA:86,9
DA:88,0
DA:89,0
DA:90,0
DA:92,1
DA:94,0
DA:99,13
DA:100,13
DA:104,13
DA:105,13
DA:107,1
DA:108,1
DA:109,2
DA:111,2
DA:112,2
DA:113,0
DA:114,0
DA:118,2
DA:119,2
DA:121,2
DA:124,1
DA:128,13
DA:129,29
DA:130,15
DA:131,14
DA:132,0
DA:133,0
DA:134,0
DA:135,0
DA:140,13
DA:141,21
DA:143,21
DA:144,21
DA:146,21
DA:154,13
DA:155,19
DA:159,1
DA:160,0
DA:172,0
DA:240,0
DA:260,13
DA:261,11
DA:263,8
DA:265,4
DA:272,1
DA:277,1
DA:288,8
DA:293,0
DA:294,0
DA:295,0
DA:297,0
DA:299,0
DA:311,13
DA:312,1
DA:316,12
DA:317,1
DA:327,2
DA:352,11
DA:364,0
DA:378,2
DA:384,2
DA:391,17
DA:399,0
DA:410,1
LF:81
LH:60
BRDA:42,0,0,13
BRDA:43,1,0,12
BRDA:44,2,0,12
BRDA:45,3,0,13
BRDA:46,4,0,12
BRDA:48,5,0,13
BRDA:49,6,0,12
BRDA:50,7,0,9
BRDA:64,8,0,2
BRDA:67,9,0,2
BRDA:67,9,1,1
BRDA:67,9,2,1
BRDA:67,9,3,1
BRDA:71,10,0,1
BRDA:75,11,0,0
BRDA:75,12,0,22
BRDA:75,12,1,0
BRDA:75,12,2,0
BRDA:84,13,0,9
BRDA:84,13,1,0
BRDA:84,13,2,1
BRDA:84,13,3,0
BRDA:86,14,0,9
BRDA:86,14,1,0
BRDA:86,15,0,9
BRDA:86,15,1,0
BRDA:88,16,0,0
BRDA:88,16,1,0
BRDA:88,16,2,0
BRDA:89,17,0,0
BRDA:89,17,1,0
BRDA:89,17,2,0
BRDA:92,18,0,1
BRDA:92,18,1,0
BRDA:92,19,0,1
BRDA:92,19,1,0
BRDA:99,20,0,0
BRDA:99,20,1,13
BRDA:100,21,0,1
BRDA:100,21,1,12
BRDA:105,22,0,12
BRDA:111,23,0,2
BRDA:111,23,1,0
BRDA:112,24,0,2
BRDA:112,24,1,0
BRDA:113,25,0,0
BRDA:114,26,0,0
BRDA:114,26,1,0
BRDA:115,27,0,0
BRDA:115,27,1,0
BRDA:118,28,0,2
BRDA:129,29,0,15
BRDA:129,29,1,14
BRDA:129,29,2,0
BRDA:129,29,3,0
BRDA:129,29,4,0
BRDA:129,29,5,0
BRDA:141,30,0,0
BRDA:141,31,0,21
BRDA:141,31,1,21
BRDA:144,32,0,10
BRDA:144,32,1,11
BRDA:144,33,0,11
BRDA:144,33,1,0
BRDA:158,34,0,19
BRDA:158,34,1,0
BRDA:166,35,0,19
BRDA:166,35,1,0
BRDA:174,36,0,19
BRDA:174,36,1,0
BRDA:177,37,0,0
BRDA:177,37,1,0
BRDA:183,38,0,19
BRDA:183,38,1,19
BRDA:189,39,0,19
BRDA:189,39,1,19
BRDA:192,40,0,19
BRDA:192,40,1,1
BRDA:192,40,2,18
BRDA:194,41,0,18
BRDA:194,41,1,18
BRDA:199,42,0,18
BRDA:199,42,1,18
BRDA:208,43,0,19
BRDA:208,43,1,19
BRDA:208,43,2,18
BRDA:211,44,0,0
BRDA:211,44,1,18
BRDA:220,45,0,19
BRDA:220,45,1,0
BRDA:220,45,2,0
BRDA:222,46,0,0
BRDA:222,46,1,0
BRDA:227,47,0,0
BRDA:227,47,1,0
BRDA:232,48,0,0
BRDA:232,48,1,0
BRDA:237,49,0,0
BRDA:237,49,1,0
BRDA:237,49,2,0
BRDA:244,50,0,0
BRDA:244,50,1,0
BRDA:157,51,0,19
BRDA:157,51,1,1
BRDA:261,52,0,7
BRDA:285,53,0,4
BRDA:285,53,1,4
BRDA:294,54,0,0
BRDA:294,54,1,0
BRDA:311,55,0,1
BRDA:311,56,0,13
BRDA:311,56,1,13
BRDA:316,57,0,1
BRDA:330,58,0,2
BRDA:330,58,1,0
BRDA:337,59,0,2
BRDA:337,59,1,0
BRDA:340,60,0,0
BRDA:340,60,1,0
BRDA:327,61,0,2
BRDA:327,61,1,0
BRDA:361,62,0,11
BRDA:361,62,1,1
BRDA:361,62,2,1
BRDA:361,62,3,1
BRDA:375,63,0,1
BRDA:375,63,1,10
BRDA:395,64,0,11
BRDA:395,64,1,1
BRDA:395,64,2,1
BRDA:395,64,3,1
BRF:131
BRH:76
end_of_record
TN:
SF:src/context/ConciergusContext.tsx
FNF:0
FNH:0
DA:178,0
DA:180,0
LF:2
LH:0
BRF:0
BRH:0
end_of_record
TN:
SF:src/context/ConciergusProvider.tsx
FN:17,(anonymous_0)
FNF:1
FNH:0
FNDA:0,(anonymous_0)
DA:17,0
DA:27,0
DA:37,0
DA:38,0
DA:41,0
DA:48,0
LF:6
LH:0
BRDA:28,0,0,0
BRDA:28,0,1,0
BRDA:29,1,0,0
BRDA:29,1,1,0
BRDA:30,2,0,0
BRDA:30,2,1,0
BRDA:31,3,0,0
BRDA:31,3,1,0
BRDA:32,4,0,0
BRDA:32,4,1,0
BRDA:33,5,0,0
BRDA:33,5,1,0
BRDA:34,6,0,0
BRDA:34,6,1,0
BRDA:37,7,0,0
BRF:15
BRH:0
end_of_record
TN:
SF:src/context/EnhancedConciergusContext.tsx
FN:70,(anonymous_0)
FN:74,(anonymous_1)
FN:78,(anonymous_2)
FN:102,(anonymous_3)
FN:125,(anonymous_4)
FN:165,useEnhancedConciergus
FN:180,createModelManager
FN:188,(anonymous_7)
FN:190,(anonymous_8)
FN:192,(anonymous_9)
FN:201,(anonymous_10)
FN:206,(anonymous_11)
FN:215,createTelemetryManager
FN:233,(anonymous_13)
FN:271,(anonymous_14)
FN:278,(anonymous_15)
FN:281,(anonymous_16)
FN:300,(anonymous_17)
FN:311,(anonymous_18)
FN:329,EnhancedConciergusProvider
FN:339,(anonymous_20)
FN:349,(anonymous_21)
FN:354,(anonymous_22)
FN:359,(anonymous_23)
FN:364,(anonymous_24)
FN:365,(anonymous_25)
FN:369,(anonymous_26)
FN:370,(anonymous_27)
FN:402,(anonymous_28)
FN:432,useModelManager
FN:440,useTelemetry
FN:448,useChatStore
FN:456,useGatewayConfig
FNF:33
FNH:0
FNDA:0,(anonymous_0)
FNDA:0,(anonymous_1)
FNDA:0,(anonymous_2)
FNDA:0,(anonymous_3)
FNDA:0,(anonymous_4)
FNDA:0,useEnhancedConciergus
FNDA:0,createModelManager
FNDA:0,(anonymous_7)
FNDA:0,(anonymous_8)
FNDA:0,(anonymous_9)
FNDA:0,(anonymous_10)
FNDA:0,(anonymous_11)
FNDA:0,createTelemetryManager
FNDA:0,(anonymous_13)
FNDA:0,(anonymous_14)
FNDA:0,(anonymous_15)
FNDA:0,(anonymous_16)
FNDA:0,(anonymous_17)
FNDA:0,(anonymous_18)
FNDA:0,EnhancedConciergusProvider
FNDA:0,(anonymous_20)
FNDA:0,(anonymous_21)
FNDA:0,(anonymous_22)
FNDA:0,(anonymous_23)
FNDA:0,(anonymous_24)
FNDA:0,(anonymous_25)
FNDA:0,(anonymous_26)
FNDA:0,(anonymous_27)
FNDA:0,(anonymous_28)
FNDA:0,useModelManager
FNDA:0,useTelemetry
FNDA:0,useChatStore
FNDA:0,useGatewayConfig
DA:71,0
DA:75,0
DA:84,0
DA:85,0
DA:86,0
DA:94,0
DA:108,0
DA:110,0
DA:111,0
DA:112,0
DA:114,0
DA:118,0
DA:119,0
DA:122,0
DA:126,0
DA:158,0
DA:160,0
DA:166,0
DA:168,0
DA:169,0
DA:174,0
DA:185,0
DA:187,0
DA:188,0
DA:190,0
DA:193,0
DA:194,0
DA:197,0
DA:198,0
DA:202,0
DA:203,0
DA:207,0
DA:216,0
DA:230,0
DA:232,0
DA:234,0
DA:237,0
DA:238,0
DA:239,0
DA:240,0
DA:241,0
DA:244,0
DA:245,0
DA:253,0
DA:254,0
DA:255,0
DA:257,0
DA:258,0
DA:260,0
DA:263,0
DA:268,0
DA:271,0
DA:279,0
DA:281,0
DA:289,0
DA:290,0
DA:298,0
DA:299,0
DA:300,0
DA:303,0
DA:312,0
DA:334,0
DA:335,0
DA:336,0
DA:339,0
DA:340,0
DA:341,0
DA:343,0
DA:344,0
DA:349,0
DA:350,0
DA:354,0
DA:355,0
DA:359,0
DA:360,0
DA:364,0
DA:365,0
DA:369,0
DA:370,0
DA:371,0
DA:373,0
DA:374,0
DA:378,0
DA:379,0
DA:389,0
DA:390,0
DA:392,0
DA:393,0
DA:394,0
DA:398,0
DA:402,0
DA:422,0
DA:433,0
DA:434,0
DA:441,0
DA:442,0
DA:449,0
DA:450,0
DA:457,0
DA:458,0
LF:100
LH:0
BRDA:71,0,0,0
BRDA:71,0,1,0
BRDA:85,1,0,0
BRDA:110,2,0,0
BRDA:111,3,0,0
BRDA:112,4,0,0
BRDA:118,5,0,0
BRDA:168,6,0,0
BRDA:185,7,0,0
BRDA:185,7,1,0
BRDA:193,8,0,0
BRDA:202,9,0,0
BRDA:202,9,1,0
BRDA:230,10,0,0
BRDA:230,10,1,0
BRDA:234,11,0,0
BRDA:237,12,0,0
BRDA:237,13,0,0
BRDA:237,13,1,0
BRDA:238,14,0,0
BRDA:238,14,1,0
BRDA:239,15,0,0
BRDA:239,15,1,0
BRDA:241,16,0,0
BRDA:241,16,1,0
BRDA:244,17,0,0
BRDA:245,18,0,0
BRDA:245,18,1,0
BRDA:253,19,0,0
BRDA:253,19,1,0
BRDA:254,20,0,0
BRDA:254,20,1,0
BRDA:255,21,0,0
BRDA:255,21,1,0
BRDA:257,22,0,0
BRDA:257,22,1,0
BRDA:275,23,0,0
BRDA:275,23,1,0
BRDA:279,24,0,0
BRDA:279,24,1,0
BRDA:289,25,0,0
BRDA:299,26,0,0
BRDA:299,26,1,0
BRDA:305,27,0,0
BRDA:305,27,1,0
BRDA:343,28,0,0
BRDA:343,28,1,0
BRDA:350,29,0,0
BRDA:350,29,1,0
BRDA:373,30,0,0
BRDA:373,31,0,0
BRDA:373,31,1,0
BRDA:378,32,0,0
BRDA:392,33,0,0
BRDA:392,33,1,0
BRF:55
BRH:0
end_of_record
TN:
SF:src/context/GatewayConfig.ts
FN:200,createGatewayModel
FN:216,createFallbackChain
FN:224,(anonymous_2)
FN:232,getModelsByCapability
FN:236,(anonymous_4)
FN:237,(anonymous_5)
FN:245,getModelsByCostTier
FN:249,(anonymous_7)
FN:250,(anonymous_8)
FN:258,selectOptimalModel
FN:268,(anonymous_10)
FN:269,(anonymous_11)
FN:275,(anonymous_12)
FN:282,(anonymous_13)
FN:289,(anonymous_14)
FN:310,(anonymous_15)
FN:319,(anonymous_16)
FN:332,(anonymous_17)
FN:347,(anonymous_18)
FN:371,(anonymous_19)
FN:388,(anonymous_20)
FNF:21
FNH:0
FNDA:0,createGatewayModel
FNDA:0,createFallbackChain
FNDA:0,(anonymous_2)
FNDA:0,getModelsByCapability
FNDA:0,(anonymous_4)
FNDA:0,(anonymous_5)
FNDA:0,getModelsByCostTier
FNDA:0,(anonymous_7)
FNDA:0,(anonymous_8)
FNDA:0,selectOptimalModel
FNDA:0,(anonymous_10)
FNDA:0,(anonymous_11)
FNDA:0,(anonymous_12)
FNDA:0,(anonymous_13)
FNDA:0,(anonymous_14)
FNDA:0,(anonymous_15)
FNDA:0,(anonymous_16)
FNDA:0,(anonymous_17)
FNDA:0,(anonymous_18)
FNDA:0,(anonymous_19)
FNDA:0,(anonymous_20)
DA:26,0
DA:132,0
DA:201,0
DA:203,0
DA:204,0
DA:207,0
DA:220,0
DA:224,0
DA:235,0
DA:236,0
DA:237,0
DA:248,0
DA:249,0
DA:250,0
DA:264,0
DA:267,0
DA:268,0
DA:269,0
DA:274,0
DA:275,0
DA:276,0
DA:281,0
DA:282,0
DA:283,0
DA:288,0
DA:289,0
DA:290,0
DA:294,0
DA:295,0
DA:296,0
DA:300,0
DA:311,0
DA:321,0
DA:322,0
DA:326,0
DA:333,0
DA:334,0
DA:337,0
DA:338,0
DA:341,0
DA:348,0
DA:349,0
DA:355,0
DA:372,0
DA:373,0
DA:375,0
DA:376,0
DA:377,0
DA:378,0
DA:379,0
DA:393,0
DA:395,0
DA:396,0
DA:402,0
DA:403,0
DA:408,0
LF:56
LH:0
BRDA:203,0,0,0
BRDA:220,1,0,0
BRDA:220,1,1,0
BRDA:222,2,0,0
BRDA:222,2,1,0
BRDA:267,3,0,0
BRDA:274,4,0,0
BRDA:281,5,0,0
BRDA:283,6,0,0
BRDA:283,6,1,0
BRDA:288,7,0,0
BRDA:294,8,0,0
BRDA:300,9,0,0
BRDA:300,9,1,0
BRDA:311,10,0,0
BRDA:311,10,1,0
BRDA:311,10,2,0
BRDA:321,11,0,0
BRDA:321,12,0,0
BRDA:321,12,1,0
BRDA:326,13,0,0
BRDA:326,13,1,0
BRDA:333,14,0,0
BRDA:337,15,0,0
BRDA:348,16,0,0
BRDA:373,17,0,0
BRDA:375,18,0,0
BRDA:375,18,1,0
BRDA:375,18,2,0
BRDA:375,18,3,0
BRDA:402,19,0,0
BRF:31
BRH:0
end_of_record
TN:
SF:src/context/GatewayProvider.tsx
FN:83,GatewayProvider
FN:110,(anonymous_1)
FN:111,(anonymous_2)
FN:115,(anonymous_3)
FN:122,(anonymous_4)
FN:129,(anonymous_5)
FN:135,(anonymous_6)
FN:140,(anonymous_7)
FN:147,(anonymous_8)
FN:152,(anonymous_9)
FN:157,(anonymous_10)
FN:162,(anonymous_11)
FN:219,useGateway
FN:233,useGatewayModel
FN:237,(anonymous_14)
FN:246,useGatewayChain
FN:250,(anonymous_16)
FN:259,useSmartModel
FN:267,(anonymous_18)
FN:271,(anonymous_19)
FN:285,useCostOptimizedModel
FN:291,(anonymous_21)
FN:295,(anonymous_22)
FN:299,(anonymous_23)
FN:314,GatewayAuthStatus
FNF:25
FNH:0
FNDA:0,GatewayProvider
FNDA:0,(anonymous_1)
FNDA:0,(anonymous_2)
FNDA:0,(anonymous_3)
FNDA:0,(anonymous_4)
FNDA:0,(anonymous_5)
FNDA:0,(anonymous_6)
FNDA:0,(anonymous_7)
FNDA:0,(anonymous_8)
FNDA:0,(anonymous_9)
FNDA:0,(anonymous_10)
FNDA:0,(anonymous_11)
FNDA:0,useGateway
FNDA:0,useGatewayModel
FNDA:0,(anonymous_14)
FNDA:0,useGatewayChain
FNDA:0,(anonymous_16)
FNDA:0,useSmartModel
FNDA:0,(anonymous_18)
FNDA:0,(anonymous_19)
FNDA:0,useCostOptimizedModel
FNDA:0,(anonymous_21)
FNDA:0,(anonymous_22)
FNDA:0,(anonymous_23)
FNDA:0,GatewayAuthStatus
DA:67,0
DA:90,0
DA:101,0
DA:102,0
DA:103,0
DA:106,0
DA:107,0
DA:110,0
DA:111,0
DA:115,0
DA:116,0
DA:117,0
DA:118,0
DA:122,0
DA:123,0
DA:125,0
DA:126,0
DA:129,0
DA:130,0
DA:131,0
DA:135,0
DA:136,0
DA:137,0
DA:140,0
DA:141,0
DA:142,0
DA:147,0
DA:148,0
DA:152,0
DA:153,0
DA:157,0
DA:158,0
DA:162,0
DA:163,0
DA:164,0
DA:173,0
DA:209,0
DA:220,0
DA:222,0
DA:223,0
DA:226,0
DA:234,0
DA:235,0
DA:237,0
DA:238,0
DA:247,0
DA:248,0
DA:250,0
DA:251,0
DA:265,0
DA:267,0
DA:268,0
DA:271,0
DA:272,0
DA:275,0
DA:289,0
DA:291,0
DA:292,0
DA:295,0
DA:296,0
DA:299,0
DA:300,0
DA:303,0
DA:315,0
DA:317,0
LF:65
LH:0
BRDA:85,0,0,0
BRDA:86,1,0,0
BRDA:87,2,0,0
BRDA:101,3,0,0
BRDA:101,3,1,0
BRDA:102,4,0,0
BRDA:102,4,1,0
BRDA:103,5,0,0
BRDA:103,5,1,0
BRDA:130,6,0,0
BRDA:130,7,0,0
BRDA:130,7,1,0
BRDA:130,7,2,0
BRDA:141,8,0,0
BRDA:141,9,0,0
BRDA:141,9,1,0
BRDA:163,10,0,0
BRDA:222,11,0,0
BRDA:235,12,0,0
BRDA:235,12,1,0
BRDA:248,13,0,0
BRDA:248,13,1,0
BRDA:319,14,0,0
BRDA:319,14,1,0
BRDA:321,15,0,0
BRDA:321,15,1,0
BRF:26
BRH:0
end_of_record
TN:
SF:src/context/UnifiedConciergusProvider.tsx
FN:33,shouldEnableEnhancedFeatures
FN:50,BasicConciergusProvider
FN:54,(anonymous_2)
FN:119,UnifiedConciergusProvider
FN:170,hasEnhancedFeatures
FN:177,migrateToEnhancedConfig
FN:213,validateProviderConfig
FNF:7
FNH:0
FNDA:0,shouldEnableEnhancedFeatures
FNDA:0,BasicConciergusProvider
FNDA:0,(anonymous_2)
FNDA:0,UnifiedConciergusProvider
FNDA:0,hasEnhancedFeatures
FNDA:0,migrateToEnhancedConfig
FNDA:0,validateProviderConfig
DA:34,0
DA:54,0
DA:55,0
DA:65,0
DA:66,0
DA:69,0
DA:72,0
DA:126,0
DA:129,0
DA:130,0
DA:141,0
DA:142,0
DA:148,0
DA:152,0
DA:159,0
DA:165,0
DA:171,0
DA:185,0
DA:189,0
DA:190,0
DA:193,0
DA:194,0
DA:201,0
DA:202,0
DA:207,0
DA:218,0
DA:219,0
DA:222,0
DA:223,0
DA:224,0
DA:227,0
DA:228,0
DA:229,0
DA:232,0
DA:233,0
DA:234,0
DA:238,0
DA:239,0
DA:242,0
DA:243,0
DA:246,0
LF:41
LH:0
BRDA:35,0,0,0
BRDA:35,0,1,0
BRDA:35,0,2,0
BRDA:35,0,3,0
BRDA:35,0,4,0
BRDA:35,0,5,0
BRDA:35,0,6,0
BRDA:35,0,7,0
BRDA:35,0,8,0
BRDA:56,1,0,0
BRDA:56,1,1,0
BRDA:57,2,0,0
BRDA:57,2,1,0
BRDA:58,3,0,0
BRDA:58,3,1,0
BRDA:59,4,0,0
BRDA:59,4,1,0
BRDA:60,5,0,0
BRDA:60,5,1,0
BRDA:61,6,0,0
BRDA:61,6,1,0
BRDA:62,7,0,0
BRDA:62,7,1,0
BRDA:65,8,0,0
BRDA:126,9,0,0
BRDA:126,9,1,0
BRDA:129,10,0,0
BRDA:131,11,0,0
BRDA:131,11,1,0
BRDA:141,12,0,0
BRDA:145,13,0,0
BRDA:145,13,1,0
BRDA:189,14,0,0
BRDA:193,15,0,0
BRDA:201,16,0,0
BRDA:222,17,0,0
BRDA:222,18,0,0
BRDA:222,18,1,0
BRDA:227,19,0,0
BRDA:227,20,0,0
BRDA:227,20,1,0
BRDA:232,21,0,0
BRDA:232,22,0,0
BRDA:232,22,1,0
BRDA:238,23,0,0
BRDA:238,24,0,0
BRDA:238,24,1,0
BRDA:242,25,0,0
BRF:48
BRH:0
end_of_record
TN:
SF:src/context/useConciergus.ts
FN:129,useConciergus
FN:152,(anonymous_1)
FN:164,(anonymous_2)
FN:213,hasEnhancedFeatures
FN:231,useBasicConciergus
FNF:5
FNH:0
FNDA:0,useConciergus
FNDA:0,(anonymous_1)
FNDA:0,(anonymous_2)
FNDA:0,hasEnhancedFeatures
FNDA:0,useBasicConciergus
DA:131,0
DA:134,0
DA:137,0
DA:138,0
DA:145,0
DA:146,0
DA:149,0
DA:152,0
DA:161,0
DA:164,0
DA:165,0
DA:169,0
DA:174,0
DA:175,0
DA:176,0
DA:184,0
DA:200,0
DA:201,0
DA:202,0
DA:203,0
DA:204,0
DA:207,0
DA:221,0
DA:232,0
DA:236,0
LF:25
LH:0
BRDA:137,0,0,0
BRDA:137,1,0,0
BRDA:137,1,1,0
BRDA:146,2,0,0
BRDA:146,2,1,0
BRDA:149,3,0,0
BRDA:149,3,1,0
BRDA:153,4,0,0
BRDA:153,4,1,0
BRDA:154,5,0,0
BRDA:154,5,1,0
BRDA:155,6,0,0
BRDA:155,6,1,0
BRDA:156,7,0,0
BRDA:156,7,1,0
BRDA:157,8,0,0
BRDA:157,8,1,0
BRDA:158,9,0,0
BRDA:158,9,1,0
BRDA:174,10,0,0
BRDA:174,11,0,0
BRDA:174,11,1,0
BRDA:174,11,2,0
BRDA:196,12,0,0
BRDA:196,12,1,0
BRDA:200,13,0,0
BRDA:200,14,0,0
BRDA:200,14,1,0
BRDA:221,15,0,0
BRDA:221,15,1,0
BRDA:221,15,2,0
BRDA:221,15,3,0
BRF:32
BRH:0
end_of_record
TN:
SF:src/debug/DebugInspector.tsx
FN:4,(anonymous_0)
FN:20,(anonymous_1)
FN:31,(anonymous_2)
FN:34,(anonymous_3)
FN:40,(anonymous_4)
FN:44,(anonymous_5)
FN:50,(anonymous_6)
FN:76,(anonymous_7)
FN:80,(anonymous_8)
FN:91,(anonymous_9)
FN:139,(anonymous_10)
FN:152,(anonymous_11)
FN:165,(anonymous_12)
FN:183,(anonymous_13)
FN:248,(anonymous_14)
FN:266,(anonymous_15)
FN:284,(anonymous_16)
FN:305,(anonymous_17)
FN:359,(anonymous_18)
FN:379,(anonymous_19)
FNF:20
FNH:0
FNDA:0,(anonymous_0)
FNDA:0,(anonymous_1)
FNDA:0,(anonymous_2)
FNDA:0,(anonymous_3)
FNDA:0,(anonymous_4)
FNDA:0,(anonymous_5)
FNDA:0,(anonymous_6)
FNDA:0,(anonymous_7)
FNDA:0,(anonymous_8)
FNDA:0,(anonymous_9)
FNDA:0,(anonymous_10)
FNDA:0,(anonymous_11)
FNDA:0,(anonymous_12)
FNDA:0,(anonymous_13)
FNDA:0,(anonymous_14)
FNDA:0,(anonymous_15)
FNDA:0,(anonymous_16)
FNDA:0,(anonymous_17)
FNDA:0,(anonymous_18)
FNDA:0,(anonymous_19)
DA:4,0
DA:9,0
DA:10,0
DA:11,0
DA:12,0
DA:13,0
DA:14,0
DA:15,0
DA:17,0
DA:20,0
DA:21,0
DA:22,0
DA:23,0
DA:24,0
DA:26,0
DA:27,0
DA:31,0
DA:32,0
DA:33,0
DA:34,0
DA:36,0
DA:40,0
DA:41,0
DA:44,0
DA:45,0
DA:46,0
DA:47,0
DA:50,0
DA:51,0
DA:63,0
DA:65,0
DA:67,0
DA:69,0
DA:72,0
DA:76,0
DA:77,0
DA:80,0
DA:81,0
DA:82,0
DA:83,0
DA:84,0
DA:85,0
DA:86,0
DA:87,0
DA:91,0
DA:92,0
DA:97,0
DA:98,0
DA:99,0
DA:100,0
DA:101,0
DA:102,0
DA:103,0
DA:106,0
DA:107,0
DA:126,0
DA:139,0
DA:152,0
DA:165,0
DA:183,0
DA:248,0
DA:266,0
DA:284,0
DA:306,0
DA:359,0
DA:380,0
LF:66
LH:0
BRDA:5,0,0,0
BRDA:6,1,0,0
BRDA:22,2,0,0
BRDA:23,3,0,0
BRDA:32,4,0,0
BRDA:32,5,0,0
BRDA:32,5,1,0
BRDA:63,6,0,0
BRDA:63,6,1,0
BRDA:63,6,2,0
BRDA:63,6,3,0
BRDA:63,6,4,0
BRDA:81,7,0,0
BRDA:81,7,1,0
BRDA:81,7,2,0
BRDA:81,7,3,0
BRDA:81,7,4,0
BRDA:81,7,5,0
BRDA:106,8,0,0
BRDA:141,9,0,0
BRDA:141,9,1,0
BRDA:154,10,0,0
BRDA:154,10,1,0
BRDA:167,11,0,0
BRDA:167,11,1,0
BRDA:235,12,0,0
BRDA:235,12,1,0
BRDA:332,13,0,0
BRDA:332,13,1,0
BRDA:348,14,0,0
BRDA:348,14,1,0
BRDA:402,15,0,0
BRDA:402,15,1,0
BRDA:418,16,0,0
BRDA:418,16,1,0
BRF:35
BRH:0
end_of_record
TN:
SF:src/debug/DebugUtils.ts
FN:58,(anonymous_0)
FN:72,(anonymous_1)
FN:80,(anonymous_2)
FN:85,(anonymous_3)
FN:90,(anonymous_4)
FN:124,(anonymous_5)
FN:134,(anonymous_6)
FN:138,(anonymous_7)
FN:142,(anonymous_8)
FN:146,(anonymous_9)
FN:151,(anonymous_10)
FN:178,(anonymous_11)
FN:225,(anonymous_12)
FN:239,(anonymous_13)
FN:253,(anonymous_14)
FN:295,(anonymous_15)
FN:308,(anonymous_16)
FN:322,(anonymous_17)
FN:332,(anonymous_18)
FN:335,(anonymous_19)
FN:338,(anonymous_20)
FN:348,(anonymous_21)
FN:352,(anonymous_22)
FN:362,(anonymous_23)
FN:367,(anonymous_24)
FN:373,(anonymous_25)
FN:380,(anonymous_26)
FN:388,(anonymous_27)
FN:391,(anonymous_28)
FN:396,(anonymous_29)
FN:403,(anonymous_30)
FN:425,(anonymous_31)
FN:448,(anonymous_32)
FN:454,(anonymous_33)
FN:469,(anonymous_34)
FN:475,(anonymous_35)
FN:480,(anonymous_36)
FN:486,useConciergusDebug
FN:518,(anonymous_38)
FN:538,(anonymous_39)
FN:558,(anonymous_40)
FN:563,(anonymous_41)
FN:583,(anonymous_42)
FN:597,(anonymous_43)
FN:611,(anonymous_44)
FN:615,(anonymous_45)
FN:624,(anonymous_46)
FN:631,(anonymous_47)
FN:638,(anonymous_48)
FN:645,(anonymous_49)
FN:666,(anonymous_50)
FN:668,(anonymous_51)
FN:673,(anonymous_52)
FN:707,(anonymous_53)
FN:712,(anonymous_54)
FN:721,(anonymous_55)
FN:722,(anonymous_56)
FN:731,(anonymous_57)
FN:738,(anonymous_58)
FN:742,(anonymous_59)
FN:746,(anonymous_60)
FN:750,(anonymous_61)
FN:756,initializeDebugging
FN:780,(anonymous_63)
FN:781,(anonymous_64)
FN:782,(anonymous_65)
FN:783,(anonymous_66)
FNF:67
FNH:0
FNDA:0,(anonymous_0)
FNDA:0,(anonymous_1)
FNDA:0,(anonymous_2)
FNDA:0,(anonymous_3)
FNDA:0,(anonymous_4)
FNDA:0,(anonymous_5)
FNDA:0,(anonymous_6)
FNDA:0,(anonymous_7)
FNDA:0,(anonymous_8)
FNDA:0,(anonymous_9)
FNDA:0,(anonymous_10)
FNDA:0,(anonymous_11)
FNDA:0,(anonymous_12)
FNDA:0,(anonymous_13)
FNDA:0,(anonymous_14)
FNDA:0,(anonymous_15)
FNDA:0,(anonymous_16)
FNDA:0,(anonymous_17)
FNDA:0,(anonymous_18)
FNDA:0,(anonymous_19)
FNDA:0,(anonymous_20)
FNDA:0,(anonymous_21)
FNDA:0,(anonymous_22)
FNDA:0,(anonymous_23)
FNDA:0,(anonymous_24)
FNDA:0,(anonymous_25)
FNDA:0,(anonymous_26)
FNDA:0,(anonymous_27)
FNDA:0,(anonymous_28)
FNDA:0,(anonymous_29)
FNDA:0,(anonymous_30)
FNDA:0,(anonymous_31)
FNDA:0,(anonymous_32)
FNDA:0,(anonymous_33)
FNDA:0,(anonymous_34)
FNDA:0,(anonymous_35)
FNDA:0,(anonymous_36)
FNDA:0,useConciergusDebug
FNDA:0,(anonymous_38)
FNDA:0,(anonymous_39)
FNDA:0,(anonymous_40)
FNDA:0,(anonymous_41)
FNDA:0,(anonymous_42)
FNDA:0,(anonymous_43)
FNDA:0,(anonymous_44)
FNDA:0,(anonymous_45)
FNDA:0,(anonymous_46)
FNDA:0,(anonymous_47)
FNDA:0,(anonymous_48)
FNDA:0,(anonymous_49)
FNDA:0,(anonymous_50)
FNDA:0,(anonymous_51)
FNDA:0,(anonymous_52)
FNDA:0,(anonymous_53)
FNDA:0,(anonymous_54)
FNDA:0,(anonymous_55)
FNDA:0,(anonymous_56)
FNDA:0,(anonymous_57)
FNDA:0,(anonymous_58)
FNDA:0,(anonymous_59)
FNDA:0,(anonymous_60)
FNDA:0,(anonymous_61)
FNDA:0,initializeDebugging
FNDA:0,(anonymous_63)
FNDA:0,(anonymous_64)
FNDA:0,(anonymous_65)
FNDA:0,(anonymous_66)
DA:54,0
DA:55,0
DA:56,0
DA:59,0
DA:73,0
DA:74,0
DA:76,0
DA:81,0
DA:82,0
DA:86,0
DA:97,0
DA:98,0
DA:101,0
DA:112,0
DA:113,0
DA:116,0
DA:119,0
DA:120,0
DA:125,0
DA:135,0
DA:139,0
DA:143,0
DA:147,0
DA:152,0
DA:153,0
DA:156,0
DA:157,0
DA:158,0
DA:166,0
DA:174,0
DA:175,0
DA:179,0
DA:180,0
DA:183,0
DA:184,0
DA:185,0
DA:186,0
DA:189,0
DA:190,0
DA:191,0
DA:193,0
DA:206,0
DA:211,0
DA:213,0
DA:214,0
DA:216,0
DA:221,0
DA:226,0
DA:227,0
DA:230,0
DA:240,0
DA:241,0
DA:244,0
DA:254,0
DA:261,0
DA:262,0
DA:266,0
DA:267,0
DA:271,0
DA:272,0
DA:276,0
DA:277,0
DA:280,0
DA:281,0
DA:284,0
DA:291,0
DA:296,0
DA:297,0
DA:298,0
DA:305,0
DA:309,0
DA:310,0
DA:313,0
DA:314,0
DA:328,0
DA:330,0
DA:331,0
DA:332,0
DA:334,0
DA:335,0
DA:337,0
DA:338,0
DA:340,0
DA:341,0
DA:345,0
DA:349,0
DA:351,0
DA:352,0
DA:355,0
DA:356,0
DA:359,0
DA:363,0
DA:364,0
DA:368,0
DA:369,0
DA:374,0
DA:375,0
DA:379,0
DA:380,0
DA:388,0
DA:392,0
DA:397,0
DA:398,0
DA:399,0
DA:400,0
DA:404,0
DA:405,0
DA:407,0
DA:415,0
DA:416,0
DA:426,0
DA:427,0
DA:428,0
DA:429,0
DA:430,0
DA:431,0
DA:434,0
DA:435,0
DA:438,0
DA:441,0
DA:444,0
DA:449,0
DA:450,0
DA:455,0
DA:457,0
DA:458,0
DA:460,0
DA:461,0
DA:462,0
DA:466,0
DA:472,0
DA:477,0
DA:481,0
DA:487,0
DA:489,0
DA:516,0
DA:523,0
DA:524,0
DA:526,0
DA:527,0
DA:528,0
DA:529,0
DA:531,0
DA:532,0
DA:533,0
DA:543,0
DA:544,0
DA:546,0
DA:547,0
DA:548,0
DA:549,0
DA:551,0
DA:552,0
DA:553,0
DA:563,0
DA:564,0
DA:565,0
DA:567,0
DA:568,0
DA:569,0
DA:570,0
DA:572,0
DA:573,0
DA:581,0
DA:584,0
DA:585,0
DA:586,0
DA:587,0
DA:588,0
DA:589,0
DA:591,0
DA:592,0
DA:593,0
DA:598,0
DA:599,0
DA:600,0
DA:601,0
DA:602,0
DA:603,0
DA:605,0
DA:606,0
DA:607,0
DA:612,0
DA:616,0
DA:622,0
DA:625,0
DA:626,0
DA:628,0
DA:635,0
DA:636,0
DA:638,0
DA:639,0
DA:640,0
DA:641,0
DA:645,0
DA:646,0
DA:647,0
DA:648,0
DA:649,0
DA:657,0
DA:667,0
DA:668,0
DA:671,0
DA:673,0
DA:674,0
DA:675,0
DA:676,0
DA:678,0
DA:679,0
DA:680,0
DA:682,0
DA:690,0
DA:692,0
DA:694,0
DA:703,0
DA:707,0
DA:708,0
DA:717,0
DA:718,0
DA:721,0
DA:722,0
DA:724,0
DA:732,0
DA:739,0
DA:743,0
DA:747,0
DA:751,0
DA:763,0
DA:765,0
DA:766,0
DA:769,0
DA:770,0
DA:773,0
DA:774,0
DA:775,0
DA:778,0
DA:779,0
DA:780,0
DA:781,0
DA:782,0
DA:784,0
DA:785,0
DA:788,0
LF:243
LH:0
BRDA:58,0,0,0
BRDA:73,1,0,0
BRDA:97,2,0,0
BRDA:97,3,0,0
BRDA:97,3,1,0
BRDA:108,4,0,0
BRDA:108,4,1,0
BRDA:109,5,0,0
BRDA:109,5,1,0
BRDA:109,5,2,0
BRDA:119,6,0,0
BRDA:126,7,0,0
BRDA:126,7,1,0
BRDA:152,8,0,0
BRDA:152,9,0,0
BRDA:152,9,1,0
BRDA:179,10,0,0
BRDA:179,11,0,0
BRDA:179,11,1,0
BRDA:179,11,2,0
BRDA:184,12,0,0
BRDA:226,13,0,0
BRDA:226,14,0,0
BRDA:226,14,1,0
BRDA:240,15,0,0
BRDA:240,16,0,0
BRDA:240,16,1,0
BRDA:247,17,0,0
BRDA:247,17,1,0
BRDA:261,18,0,0
BRDA:261,19,0,0
BRDA:261,19,1,0
BRDA:266,20,0,0
BRDA:266,21,0,0
BRDA:266,21,1,0
BRDA:271,22,0,0
BRDA:271,23,0,0
BRDA:271,23,1,0
BRDA:276,24,0,0
BRDA:280,25,0,0
BRDA:280,26,0,0
BRDA:280,26,1,0
BRDA:296,27,0,0
BRDA:296,28,0,0
BRDA:296,28,1,0
BRDA:309,29,0,0
BRDA:309,30,0,0
BRDA:309,30,1,0
BRDA:330,31,0,0
BRDA:331,32,0,0
BRDA:334,33,0,0
BRDA:337,34,0,0
BRDA:340,35,0,0
BRDA:351,36,0,0
BRDA:355,37,0,0
BRDA:373,38,0,0
BRDA:374,39,0,0
BRDA:385,40,0,0
BRDA:385,40,1,0
BRDA:415,41,0,0
BRDA:415,42,0,0
BRDA:415,42,1,0
BRDA:420,43,0,0
BRDA:420,43,1,0
BRDA:427,44,0,0
BRDA:427,45,0,0
BRDA:427,45,1,0
BRDA:430,46,0,0
BRDA:430,46,1,0
BRDA:434,47,0,0
BRDA:449,48,0,0
BRDA:455,49,0,0
BRDA:461,50,0,0
BRDA:469,51,0,0
BRDA:472,52,0,0
BRDA:472,52,1,0
BRDA:477,53,0,0
BRDA:477,53,1,0
BRDA:625,54,0,0
BRDA:625,55,0,0
BRDA:625,55,1,0
BRDA:640,56,0,0
BRDA:640,57,0,0
BRDA:640,57,1,0
BRDA:648,58,0,0
BRDA:667,59,0,0
BRDA:667,60,0,0
BRDA:667,60,1,0
BRDA:675,61,0,0
BRDA:675,61,1,0
BRDA:676,62,0,0
BRDA:676,62,1,0
BRDA:717,63,0,0
BRDA:721,64,0,0
BRDA:721,64,1,0
BRDA:739,65,0,0
BRDA:739,65,1,0
BRDA:743,66,0,0
BRDA:743,66,1,0
BRDA:747,67,0,0
BRDA:747,67,1,0
BRDA:751,68,0,0
BRDA:751,68,1,0
BRDA:765,69,0,0
BRDA:769,70,0,0
BRDA:773,71,0,0
BRDA:778,72,0,0
BRDA:778,73,0,0
BRDA:778,73,1,0
BRF:109
BRH:0
end_of_record
TN:
SF:src/debug/ai-sdk-debug.ts
FN:54,(anonymous_0)
FN:71,(anonymous_1)
FN:99,(anonymous_2)
FN:112,(anonymous_3)
FN:136,(anonymous_4)
FN:177,(anonymous_5)
FN:203,(anonymous_6)
FN:229,(anonymous_7)
FN:231,(anonymous_8)
FN:242,(anonymous_9)
FN:261,(anonymous_10)
FN:261,(anonymous_11)
FN:262,(anonymous_12)
FN:262,(anonymous_13)
FN:263,(anonymous_14)
FN:264,(anonymous_15)
FN:269,(anonymous_16)
FN:272,(anonymous_17)
FN:282,(anonymous_18)
FN:289,(anonymous_19)
FN:290,(anonymous_20)
FN:296,(anonymous_21)
FN:307,(anonymous_22)
FN:324,(anonymous_23)
FN:331,(anonymous_24)
FN:344,(anonymous_25)
FN:350,(anonymous_26)
FN:370,(anonymous_27)
FN:371,(anonymous_28)
FN:372,(anonymous_29)
FN:373,(anonymous_30)
FN:374,(anonymous_31)
FN:379,(anonymous_32)
FN:380,(anonymous_33)
FN:385,(anonymous_34)
FN:386,(anonymous_35)
FN:387,(anonymous_36)
FN:392,(anonymous_37)
FN:393,(anonymous_38)
FN:394,(anonymous_39)
FN:395,(anonymous_40)
FN:403,(anonymous_41)
FN:421,(anonymous_42)
FN:425,(anonymous_43)
FN:437,(anonymous_44)
FN:442,(anonymous_45)
FN:464,(anonymous_46)
FNF:47
FNH:0
FNDA:0,(anonymous_0)
FNDA:0,(anonymous_1)
FNDA:0,(anonymous_2)
FNDA:0,(anonymous_3)
FNDA:0,(anonymous_4)
FNDA:0,(anonymous_5)
FNDA:0,(anonymous_6)
FNDA:0,(anonymous_7)
FNDA:0,(anonymous_8)
FNDA:0,(anonymous_9)
FNDA:0,(anonymous_10)
FNDA:0,(anonymous_11)
FNDA:0,(anonymous_12)
FNDA:0,(anonymous_13)
FNDA:0,(anonymous_14)
FNDA:0,(anonymous_15)
FNDA:0,(anonymous_16)
FNDA:0,(anonymous_17)
FNDA:0,(anonymous_18)
FNDA:0,(anonymous_19)
FNDA:0,(anonymous_20)
FNDA:0,(anonymous_21)
FNDA:0,(anonymous_22)
FNDA:0,(anonymous_23)
FNDA:0,(anonymous_24)
FNDA:0,(anonymous_25)
FNDA:0,(anonymous_26)
FNDA:0,(anonymous_27)
FNDA:0,(anonymous_28)
FNDA:0,(anonymous_29)
FNDA:0,(anonymous_30)
FNDA:0,(anonymous_31)
FNDA:0,(anonymous_32)
FNDA:0,(anonymous_33)
FNDA:0,(anonymous_34)
FNDA:0,(anonymous_35)
FNDA:0,(anonymous_36)
FNDA:0,(anonymous_37)
FNDA:0,(anonymous_38)
FNDA:0,(anonymous_39)
FNDA:0,(anonymous_40)
FNDA:0,(anonymous_41)
FNDA:0,(anonymous_42)
FNDA:0,(anonymous_43)
FNDA:0,(anonymous_44)
FNDA:0,(anonymous_45)
FNDA:0,(anonymous_46)
DA:49,0
DA:50,0
DA:51,0
DA:52,0
DA:55,0
DA:72,0
DA:73,0
DA:76,0
DA:77,0
DA:80,0
DA:83,0
DA:84,0
DA:88,0
DA:89,0
DA:100,0
DA:105,0
DA:106,0
DA:113,0
DA:114,0
DA:117,0
DA:121,0
DA:122,0
DA:123,0
DA:129,0
DA:130,0
DA:145,0
DA:146,0
DA:149,0
DA:150,0
DA:151,0
DA:152,0
DA:155,0
DA:156,0
DA:158,0
DA:159,0
DA:162,0
DA:163,0
DA:167,0
DA:168,0
DA:170,0
DA:171,0
DA:178,0
DA:179,0
DA:182,0
DA:183,0
DA:184,0
DA:187,0
DA:189,0
DA:190,0
DA:193,0
DA:209,0
DA:217,0
DA:220,0
DA:230,0
DA:231,0
DA:249,0
DA:251,0
DA:252,0
DA:261,0
DA:262,0
DA:263,0
DA:264,0
DA:266,0
DA:269,0
DA:272,0
DA:283,0
DA:290,0
DA:297,0
DA:298,0
DA:299,0
DA:300,0
DA:301,0
DA:314,0
DA:325,0
DA:326,0
DA:327,0
DA:328,0
DA:332,0
DA:333,0
DA:335,0
DA:337,0
DA:338,0
DA:340,0
DA:347,0
DA:351,0
DA:352,0
DA:353,0
DA:354,0
DA:355,0
DA:356,0
DA:357,0
DA:363,0
DA:366,0
DA:370,0
DA:371,0
DA:372,0
DA:373,0
DA:374,0
DA:379,0
DA:380,0
DA:385,0
DA:386,0
DA:387,0
DA:392,0
DA:393,0
DA:394,0
DA:395,0
DA:399,0
DA:404,0
DA:405,0
DA:407,0
DA:408,0
DA:409,0
DA:410,0
DA:412,0
DA:413,0
DA:414,0
DA:425,0
DA:426,0
DA:427,0
DA:429,0
DA:431,0
DA:432,0
DA:435,0
DA:436,0
DA:438,0
DA:439,0
DA:440,0
DA:443,0
DA:444,0
DA:445,0
DA:450,0
DA:451,0
DA:452,0
DA:454,0
DA:455,0
DA:456,0
DA:465,0
DA:466,0
DA:470,0
DA:471,0
DA:474,0
LF:142
LH:0
BRDA:54,0,0,0
BRDA:56,1,0,0
BRDA:56,1,1,0
BRDA:57,2,0,0
BRDA:57,2,1,0
BRDA:72,3,0,0
BRDA:72,4,0,0
BRDA:72,4,1,0
BRDA:83,5,0,0
BRDA:88,6,0,0
BRDA:113,7,0,0
BRDA:113,8,0,0
BRDA:113,8,1,0
BRDA:121,9,0,0
BRDA:121,10,0,0
BRDA:121,10,1,0
BRDA:145,11,0,0
BRDA:145,12,0,0
BRDA:145,12,1,0
BRDA:150,13,0,0
BRDA:158,14,0,0
BRDA:162,15,0,0
BRDA:162,16,0,0
BRDA:162,16,1,0
BRDA:177,17,0,0
BRDA:178,18,0,0
BRDA:178,19,0,0
BRDA:178,19,1,0
BRDA:183,20,0,0
BRDA:189,21,0,0
BRDA:212,22,0,0
BRDA:212,22,1,0
BRDA:234,23,0,0
BRDA:234,23,1,0
BRDA:235,24,0,0
BRDA:235,24,1,0
BRDA:251,25,0,0
BRDA:263,26,0,0
BRDA:263,26,1,0
BRDA:264,27,0,0
BRDA:264,27,1,0
BRDA:268,28,0,0
BRDA:268,28,1,0
BRDA:271,29,0,0
BRDA:271,29,1,0
BRDA:282,30,0,0
BRDA:290,31,0,0
BRDA:290,31,1,0
BRDA:337,32,0,0
BRDA:337,32,1,0
BRDA:351,33,0,0
BRDA:351,33,1,0
BRDA:351,33,2,0
BRDA:351,33,3,0
BRDA:351,33,4,0
BRDA:351,33,5,0
BRDA:435,34,0,0
BRDA:435,35,0,0
BRDA:435,35,1,0
BRDA:465,36,0,0
BRDA:470,37,0,0
BRF:61
BRH:0
end_of_record
TN:
SF:src/errors/ErrorBoundary.tsx
FN:8,(anonymous_0)
FN:24,(anonymous_1)
FN:79,(anonymous_2)
FN:317,(anonymous_3)
FN:325,(anonymous_4)
FN:329,(anonymous_5)
FN:339,(anonymous_6)
FN:91,(anonymous_7)
FN:98,(anonymous_8)
FN:127,(anonymous_9)
FN:133,(anonymous_10)
FN:156,(anonymous_11)
FN:210,(anonymous_12)
FN:230,(anonymous_13)
FN:246,(anonymous_14)
FN:257,(anonymous_15)
FN:290,(anonymous_16)
FN:349,(anonymous_17)
FN:368,(anonymous_18)
FN:388,DefaultErrorFallback
FN:397,(anonymous_20)
FN:407,(anonymous_21)
FN:475,(anonymous_22)
FN:493,(anonymous_23)
FN:529,withErrorBoundary
FN:533,(anonymous_25)
FN:548,useErrorReporting
FN:550,(anonymous_27)
FN:559,(anonymous_28)
FN:576,(anonymous_29)
FN:599,(anonymous_30)
FN:606,(anonymous_31)
FN:612,(anonymous_32)
FN:618,(anonymous_33)
FN:625,(anonymous_34)
FN:632,(anonymous_35)
FNF:36
FNH:0
FNDA:0,(anonymous_0)
FNDA:0,(anonymous_1)
FNDA:0,(anonymous_2)
FNDA:0,(anonymous_3)
FNDA:0,(anonymous_4)
FNDA:0,(anonymous_5)
FNDA:0,(anonymous_6)
FNDA:0,(anonymous_7)
FNDA:0,(anonymous_8)
FNDA:0,(anonymous_9)
FNDA:0,(anonymous_10)
FNDA:0,(anonymous_11)
FNDA:0,(anonymous_12)
FNDA:0,(anonymous_13)
FNDA:0,(anonymous_14)
FNDA:0,(anonymous_15)
FNDA:0,(anonymous_16)
FNDA:0,(anonymous_17)
FNDA:0,(anonymous_18)
FNDA:0,DefaultErrorFallback
FNDA:0,(anonymous_20)
FNDA:0,(anonymous_21)
FNDA:0,(anonymous_22)
FNDA:0,(anonymous_23)
FNDA:0,withErrorBoundary
FNDA:0,(anonymous_25)
FNDA:0,useErrorReporting
FNDA:0,(anonymous_27)
FNDA:0,(anonymous_28)
FNDA:0,(anonymous_29)
FNDA:0,(anonymous_30)
FNDA:0,(anonymous_31)
FNDA:0,(anonymous_32)
FNDA:0,(anonymous_33)
FNDA:0,(anonymous_34)
FNDA:0,(anonymous_35)
DA:8,0
DA:9,0
DA:10,0
DA:11,0
DA:12,0
DA:13,0
DA:14,0
DA:15,0
DA:16,0
DA:17,0
DA:18,0
DA:24,0
DA:25,0
DA:26,0
DA:27,0
DA:28,0
DA:77,0
DA:80,0
DA:82,0
DA:92,0
DA:99,0
DA:101,0
DA:107,0
DA:108,0
DA:112,0
DA:113,0
DA:117,0
DA:118,0
DA:122,0
DA:123,0
DA:128,0
DA:129,0
DA:134,0
DA:137,0
DA:138,0
DA:139,0
DA:140,0
DA:141,0
DA:142,0
DA:145,0
DA:153,0
DA:158,0
DA:159,0
DA:163,0
DA:164,0
DA:168,0
DA:169,0
DA:170,0
DA:171,0
DA:173,0
DA:174,0
DA:178,0
DA:179,0
DA:182,0
DA:183,0
DA:185,0
DA:186,0
DA:188,0
DA:189,0
DA:191,0
DA:192,0
DA:194,0
DA:195,0
DA:197,0
DA:198,0
DA:200,0
DA:201,0
DA:203,0
DA:204,0
DA:207,0
DA:211,0
DA:214,0
DA:218,0
DA:221,0
DA:224,0
DA:226,0
DA:231,0
DA:235,0
DA:240,0
DA:242,0
DA:247,0
DA:249,0
DA:250,0
DA:251,0
DA:254,0
DA:258,0
DA:270,0
DA:274,0
DA:285,0
DA:291,0
DA:294,0
DA:313,0
DA:317,0
DA:318,0
DA:320,0
DA:321,0
DA:323,0
DA:325,0
DA:327,0
DA:329,0
DA:339,0
DA:340,0
DA:350,0
DA:351,0
DA:353,0
DA:354,0
DA:357,0
DA:369,0
DA:370,0
DA:373,0
DA:395,0
DA:397,0
DA:398,0
DA:399,0
DA:400,0
DA:401,0
DA:402,0
DA:403,0
DA:407,0
DA:408,0
DA:409,0
DA:410,0
DA:411,0
DA:412,0
DA:413,0
DA:414,0
DA:415,0
DA:416,0
DA:417,0
DA:418,0
DA:422,0
DA:475,0
DA:493,0
DA:533,0
DA:534,0
DA:539,0
DA:542,0
DA:549,0
DA:551,0
DA:552,0
DA:553,0
DA:556,0
DA:560,0
DA:565,0
DA:587,0
DA:588,0
DA:589,0
DA:590,0
DA:591,0
DA:592,0
DA:593,0
DA:594,0
DA:596,0
DA:600,0
DA:607,0
DA:613,0
DA:619,0
DA:626,0
DA:633,0
LF:159
LH:0
BRDA:8,0,0,0
BRDA:8,0,1,0
BRDA:24,1,0,0
BRDA:24,1,1,0
BRDA:320,2,0,0
BRDA:320,2,1,0
BRDA:327,3,0,0
BRDA:107,4,0,0
BRDA:112,5,0,0
BRDA:117,6,0,0
BRDA:122,7,0,0
BRDA:122,8,0,0
BRDA:122,8,1,0
BRDA:122,9,0,0
BRDA:122,9,1,0
BRDA:128,10,0,0
BRDA:137,11,0,0
BRDA:138,12,0,0
BRDA:138,12,1,0
BRDA:158,13,0,0
BRDA:158,14,0,0
BRDA:158,14,1,0
BRDA:163,15,0,0
BRDA:163,16,0,0
BRDA:163,16,1,0
BRDA:168,17,0,0
BRDA:170,18,0,0
BRDA:170,19,0,0
BRDA:170,19,1,0
BRDA:173,20,0,0
BRDA:173,21,0,0
BRDA:173,21,1,0
BRDA:182,22,0,0
BRDA:185,23,0,0
BRDA:185,24,0,0
BRDA:185,24,1,0
BRDA:185,24,2,0
BRDA:188,25,0,0
BRDA:188,26,0,0
BRDA:188,26,1,0
BRDA:191,27,0,0
BRDA:191,28,0,0
BRDA:191,28,1,0
BRDA:194,29,0,0
BRDA:194,30,0,0
BRDA:194,30,1,0
BRDA:197,31,0,0
BRDA:197,32,0,0
BRDA:197,32,1,0
BRDA:197,32,2,0
BRDA:200,33,0,0
BRDA:200,34,0,0
BRDA:200,34,1,0
BRDA:203,35,0,0
BRDA:203,36,0,0
BRDA:203,36,1,0
BRDA:211,37,0,0
BRDA:211,37,1,0
BRDA:211,37,2,0
BRDA:211,37,3,0
BRDA:211,37,4,0
BRDA:211,37,5,0
BRDA:211,37,6,0
BRDA:211,37,7,0
BRDA:211,37,8,0
BRDA:211,37,9,0
BRDA:231,38,0,0
BRDA:231,38,1,0
BRDA:231,38,2,0
BRDA:231,38,3,0
BRDA:231,38,4,0
BRDA:231,38,5,0
BRDA:231,38,6,0
BRDA:231,38,7,0
BRDA:249,39,0,0
BRDA:264,40,0,0
BRDA:264,40,1,0
BRDA:265,41,0,0
BRDA:265,41,1,0
BRDA:266,42,0,0
BRDA:266,42,1,0
BRDA:267,43,0,0
BRDA:267,43,1,0
BRDA:353,44,0,0
BRDA:353,45,0,0
BRDA:353,45,1,0
BRDA:363,46,0,0
BRDA:363,46,1,0
BRDA:369,47,0,0
BRDA:395,48,0,0
BRDA:398,49,0,0
BRDA:398,49,1,0
BRDA:398,49,2,0
BRDA:398,49,3,0
BRDA:398,49,4,0
BRDA:408,50,0,0
BRDA:408,50,1,0
BRDA:408,50,2,0
BRDA:408,50,3,0
BRDA:408,50,4,0
BRDA:408,50,5,0
BRDA:408,50,6,0
BRDA:408,50,7,0
BRDA:408,50,8,0
BRDA:408,50,9,0
BRDA:451,51,0,0
BRDA:451,51,1,0
BRDA:453,52,0,0
BRDA:453,52,1,0
BRDA:457,53,0,0
BRDA:457,53,1,0
BRDA:457,53,2,0
BRDA:463,54,0,0
BRDA:463,54,1,0
BRDA:468,55,0,0
BRDA:468,55,1,0
BRDA:472,56,0,0
BRDA:472,56,1,0
BRDA:490,57,0,0
BRDA:490,57,1,0
BRDA:490,57,2,0
BRDA:540,58,0,0
BRDA:540,58,1,0
BRDA:552,59,0,0
BRDA:589,60,0,0
BRDA:589,60,1,0
BRDA:590,61,0,0
BRDA:591,62,0,0
BRDA:593,63,0,0
BRDA:593,63,1,0
BRDA:594,64,0,0
BRDA:599,65,0,0
BRDA:621,66,0,0
BRDA:621,66,1,0
BRDA:625,67,0,0
BRF:135
BRH:0
end_of_record
TN:
SF:src/middleware/MiddlewarePipeline.ts
FN:65,(anonymous_0)
FN:72,(anonymous_1)
FN:82,(anonymous_2)
FN:89,(anonymous_3)
FN:105,(anonymous_4)
FN:112,(anonymous_5)
FN:116,(anonymous_6)
FN:125,(anonymous_7)
FN:126,(anonymous_8)
FN:130,(anonymous_9)
FN:143,(anonymous_10)
FN:180,(anonymous_11)
FN:187,(anonymous_12)
FN:188,(anonymous_13)
FN:207,(anonymous_14)
FN:217,(anonymous_15)
FN:218,(anonymous_16)
FN:228,(anonymous_17)
FN:236,(anonymous_18)
FN:264,(anonymous_19)
FN:271,(anonymous_20)
FN:280,(anonymous_21)
FN:313,(anonymous_22)
FN:317,(anonymous_23)
FN:367,(anonymous_24)
FN:386,(anonymous_25)
FN:416,(anonymous_26)
FN:422,(anonymous_27)
FN:456,(anonymous_28)
FN:460,(anonymous_29)
FNF:30
FNH:0
FNDA:0,(anonymous_0)
FNDA:0,(anonymous_1)
FNDA:0,(anonymous_2)
FNDA:0,(anonymous_3)
FNDA:0,(anonymous_4)
FNDA:0,(anonymous_5)
FNDA:0,(anonymous_6)
FNDA:0,(anonymous_7)
FNDA:0,(anonymous_8)
FNDA:0,(anonymous_9)
FNDA:0,(anonymous_10)
FNDA:0,(anonymous_11)
FNDA:0,(anonymous_12)
FNDA:0,(anonymous_13)
FNDA:0,(anonymous_14)
FNDA:0,(anonymous_15)
FNDA:0,(anonymous_16)
FNDA:0,(anonymous_17)
FNDA:0,(anonymous_18)
FNDA:0,(anonymous_19)
FNDA:0,(anonymous_20)
FNDA:0,(anonymous_21)
FNDA:0,(anonymous_22)
FNDA:0,(anonymous_23)
FNDA:0,(anonymous_24)
FNDA:0,(anonymous_25)
FNDA:0,(anonymous_26)
FNDA:0,(anonymous_27)
FNDA:0,(anonymous_28)
FNDA:0,(anonymous_29)
DA:66,0
DA:67,0
DA:73,0
DA:74,0
DA:76,0
DA:83,0
DA:90,0
DA:91,0
DA:93,0
DA:94,0
DA:96,0
DA:97,0
DA:99,0
DA:106,0
DA:113,0
DA:117,0
DA:124,0
DA:125,0
DA:126,0
DA:128,0
DA:130,0
DA:131,0
DA:132,0
DA:135,0
DA:136,0
DA:138,0
DA:140,0
DA:144,0
DA:149,0
DA:150,0
DA:152,0
DA:153,0
DA:159,0
DA:160,0
DA:162,0
DA:168,0
DA:170,0
DA:171,0
DA:181,0
DA:183,0
DA:184,0
DA:187,0
DA:188,0
DA:189,0
DA:190,0
DA:193,0
DA:197,0
DA:201,0
DA:202,0
DA:206,0
DA:207,0
DA:208,0
DA:211,0
DA:218,0
DA:229,0
DA:236,0
DA:237,0
DA:239,0
DA:241,0
DA:243,0
DA:244,0
DA:246,0
DA:249,0
DA:264,0
DA:269,0
DA:271,0
DA:272,0
DA:273,0
DA:274,0
DA:275,0
DA:280,0
DA:281,0
DA:285,0
DA:287,0
DA:289,0
DA:290,0
DA:299,0
DA:300,0
DA:303,0
DA:304,0
DA:306,0
DA:313,0
DA:317,0
DA:318,0
DA:320,0
DA:321,0
DA:322,0
DA:326,0
DA:327,0
DA:329,0
DA:330,0
DA:333,0
DA:335,0
DA:336,0
DA:337,0
DA:338,0
DA:339,0
DA:340,0
DA:341,0
DA:345,0
DA:346,0
DA:349,0
DA:350,0
DA:354,0
DA:355,0
DA:360,0
DA:367,0
DA:368,0
DA:370,0
DA:371,0
DA:386,0
DA:387,0
DA:388,0
DA:390,0
DA:392,0
DA:403,0
DA:416,0
DA:422,0
DA:423,0
DA:424,0
DA:428,0
DA:429,0
DA:438,0
DA:441,0
DA:443,0
DA:444,0
DA:456,0
DA:460,0
DA:462,0
DA:463,0
DA:466,0
DA:469,0
DA:470,0
LF:133
LH:0
BRDA:73,0,0,0
BRDA:90,1,0,0
BRDA:93,2,0,0
BRDA:96,3,0,0
BRDA:131,4,0,0
BRDA:131,5,0,0
BRDA:131,5,1,0
BRDA:136,6,0,0
BRDA:163,7,0,0
BRDA:163,7,1,0
BRDA:164,8,0,0
BRDA:164,8,1,0
BRDA:181,9,0,0
BRDA:184,10,0,0
BRDA:187,11,0,0
BRDA:187,12,0,0
BRDA:187,12,1,0
BRDA:188,13,0,0
BRDA:188,13,1,0
BRDA:201,14,0,0
BRDA:201,15,0,0
BRDA:201,15,1,0
BRDA:206,16,0,0
BRDA:206,17,0,0
BRDA:206,17,1,0
BRDA:206,17,2,0
BRDA:244,18,0,0
BRDA:244,18,1,0
BRDA:274,19,0,0
BRDA:281,20,0,0
BRDA:281,20,1,0
BRDA:283,21,0,0
BRDA:283,21,1,0
BRDA:283,21,2,0
BRDA:287,22,0,0
BRDA:287,22,1,0
BRDA:289,23,0,0
BRDA:289,24,0,0
BRDA:289,24,1,0
BRDA:318,25,0,0
BRDA:318,25,1,0
BRDA:320,26,0,0
BRDA:321,27,0,0
BRDA:335,28,0,0
BRDA:338,29,0,0
BRDA:338,29,1,0
BRDA:340,30,0,0
BRDA:349,31,0,0
BRDA:370,32,0,0
BRDA:399,33,0,0
BRDA:399,33,1,0
BRDA:424,34,0,0
BRDA:424,34,1,0
BRDA:424,35,0,0
BRDA:424,35,1,0
BRDA:424,35,2,0
BRDA:426,36,0,0
BRDA:426,36,1,0
BRDA:428,37,0,0
BRDA:433,38,0,0
BRDA:433,38,1,0
BRDA:434,39,0,0
BRDA:434,39,1,0
BRDA:435,40,0,0
BRDA:435,40,1,0
BRDA:443,41,0,0
BRDA:447,42,0,0
BRDA:447,42,1,0
BRDA:462,43,0,0
BRDA:462,44,0,0
BRDA:462,44,1,0
BRDA:469,45,0,0
BRDA:469,46,0,0
BRDA:469,46,1,0
BRF:74
BRH:0
end_of_record
TN:
SF:src/telemetry/EnterpriseTelemetryManager.ts
FN:120,(anonymous_0)
FN:130,(anonymous_1)
FN:146,(anonymous_2)
FN:153,(anonymous_3)
FN:204,(anonymous_4)
FN:280,(anonymous_5)
FN:286,(anonymous_6)
FN:305,(anonymous_7)
FN:315,(anonymous_8)
FN:320,(anonymous_9)
FN:334,(anonymous_10)
FN:342,(anonymous_11)
FN:345,(anonymous_12)
FN:369,(anonymous_13)
FN:431,(anonymous_14)
FN:438,(anonymous_15)
FN:455,(anonymous_16)
FN:471,(anonymous_17)
FN:487,(anonymous_18)
FN:503,(anonymous_19)
FN:506,(anonymous_20)
FN:507,(anonymous_21)
FN:508,(anonymous_22)
FN:524,(anonymous_23)
FN:531,(anonymous_24)
FN:539,(anonymous_25)
FN:546,(anonymous_26)
FN:583,(anonymous_27)
FN:610,(anonymous_28)
FN:644,(anonymous_29)
FNF:30
FNH:0
FNDA:0,(anonymous_0)
FNDA:0,(anonymous_1)
FNDA:0,(anonymous_2)
FNDA:0,(anonymous_3)
FNDA:0,(anonymous_4)
FNDA:0,(anonymous_5)
FNDA:0,(anonymous_6)
FNDA:0,(anonymous_7)
FNDA:0,(anonymous_8)
FNDA:0,(anonymous_9)
FNDA:0,(anonymous_10)
FNDA:0,(anonymous_11)
FNDA:0,(anonymous_12)
FNDA:0,(anonymous_13)
FNDA:0,(anonymous_14)
FNDA:0,(anonymous_15)
FNDA:0,(anonymous_16)
FNDA:0,(anonymous_17)
FNDA:0,(anonymous_18)
FNDA:0,(anonymous_19)
FNDA:0,(anonymous_20)
FNDA:0,(anonymous_21)
FNDA:0,(anonymous_22)
FNDA:0,(anonymous_23)
FNDA:0,(anonymous_24)
FNDA:0,(anonymous_25)
FNDA:0,(anonymous_26)
FNDA:0,(anonymous_27)
FNDA:0,(anonymous_28)
FNDA:0,(anonymous_29)
DA:109,0
DA:111,0
DA:116,0
DA:117,0
DA:118,0
DA:121,0
DA:122,0
DA:123,0
DA:124,0
DA:131,0
DA:132,0
DA:133,0
DA:136,0
DA:137,0
DA:139,0
DA:140,0
DA:147,0
DA:154,0
DA:157,0
DA:158,0
DA:159,0
DA:161,0
DA:165,0
DA:168,0
DA:169,0
DA:179,0
DA:180,0
DA:184,0
DA:185,0
DA:189,0
DA:190,0
DA:194,0
DA:195,0
DA:198,0
DA:205,0
DA:208,0
DA:214,0
DA:215,0
DA:222,0
DA:223,0
DA:233,0
DA:234,0
DA:244,0
DA:245,0
DA:255,0
DA:261,0
DA:262,0
DA:263,0
DA:274,0
DA:281,0
DA:284,0
DA:285,0
DA:286,0
DA:287,0
DA:288,0
DA:289,0
DA:290,0
DA:291,0
DA:293,0
DA:304,0
DA:305,0
DA:307,0
DA:316,0
DA:318,0
DA:321,0
DA:328,0
DA:335,0
DA:336,0
DA:343,0
DA:345,0
DA:346,0
DA:349,0
DA:352,0
DA:360,0
DA:361,0
DA:370,0
DA:371,0
DA:374,0
DA:375,0
DA:376,0
DA:378,0
DA:379,0
DA:380,0
DA:381,0
DA:383,0
DA:384,0
DA:388,0
DA:389,0
DA:391,0
DA:392,0
DA:395,0
DA:396,0
DA:397,0
DA:400,0
DA:402,0
DA:403,0
DA:404,0
DA:405,0
DA:408,0
DA:432,0
DA:441,0
DA:442,0
DA:444,0
DA:447,0
DA:448,0
DA:452,0
DA:456,0
DA:461,0
DA:465,0
DA:476,0
DA:492,0
DA:504,0
DA:505,0
DA:512,0
DA:513,0
DA:525,0
DA:532,0
DA:533,0
DA:540,0
DA:547,0
DA:550,0
DA:551,0
DA:555,0
DA:556,0
DA:557,0
DA:559,0
DA:564,0
DA:565,0
DA:569,0
DA:571,0
DA:572,0
DA:584,0
DA:611,0
DA:645,0
LF:134
LH:0
BRDA:131,0,0,0
BRDA:168,1,0,0
BRDA:170,2,0,0
BRDA:170,2,1,0
BRDA:171,3,0,0
BRDA:171,3,1,0
BRDA:172,4,0,0
BRDA:172,4,1,0
BRDA:173,5,0,0
BRDA:173,5,1,0
BRDA:174,6,0,0
BRDA:174,6,1,0
BRDA:179,7,0,0
BRDA:184,8,0,0
BRDA:189,9,0,0
BRDA:194,10,0,0
BRDA:214,11,0,0
BRDA:222,12,0,0
BRDA:226,13,0,0
BRDA:226,13,1,0
BRDA:233,14,0,0
BRDA:237,15,0,0
BRDA:237,15,1,0
BRDA:238,16,0,0
BRDA:238,16,1,0
BRDA:244,17,0,0
BRDA:248,18,0,0
BRDA:248,18,1,0
BRDA:249,19,0,0
BRDA:249,19,1,0
BRDA:261,20,0,0
BRDA:281,21,0,0
BRDA:281,21,1,0
BRDA:284,22,0,0
BRDA:284,23,0,0
BRDA:284,23,1,0
BRDA:288,24,0,0
BRDA:289,25,0,0
BRDA:289,25,1,0
BRDA:290,26,0,0
BRDA:316,27,0,0
BRDA:316,27,1,0
BRDA:343,28,0,0
BRDA:343,28,1,0
BRDA:360,29,0,0
BRDA:378,30,0,0
BRDA:383,31,0,0
BRDA:383,31,1,0
BRDA:384,32,0,0
BRDA:391,33,0,0
BRDA:391,33,1,0
BRDA:392,34,0,0
BRDA:396,35,0,0
BRDA:397,36,0,0
BRDA:402,37,0,0
BRDA:402,37,1,0
BRDA:402,38,0,0
BRDA:402,38,1,0
BRDA:402,38,2,0
BRDA:404,39,0,0
BRDA:404,40,0,0
BRDA:404,40,1,0
BRDA:404,40,2,0
BRDA:414,41,0,0
BRDA:414,41,1,0
BRDA:441,42,0,0
BRDA:441,42,1,0
BRDA:447,43,0,0
BRDA:504,44,0,0
BRDA:550,45,0,0
BRDA:564,46,0,0
BRF:71
BRH:0
end_of_record
TN:
SF:src/telemetry/OpenTelemetryConfig.ts
FN:57,(anonymous_0)
FN:106,(anonymous_1)
FN:187,(anonymous_2)
FN:194,(anonymous_3)
FN:195,(anonymous_4)
FN:214,(anonymous_5)
FN:221,(anonymous_6)
FN:228,(anonymous_7)
FN:238,(anonymous_8)
FN:239,(anonymous_9)
FN:240,(anonymous_10)
FN:241,(anonymous_11)
FN:254,(anonymous_12)
FN:275,(anonymous_13)
FN:294,(anonymous_14)
FNF:15
FNH:0
FNDA:0,(anonymous_0)
FNDA:0,(anonymous_1)
FNDA:0,(anonymous_2)
FNDA:0,(anonymous_3)
FNDA:0,(anonymous_4)
FNDA:0,(anonymous_5)
FNDA:0,(anonymous_6)
FNDA:0,(anonymous_7)
FNDA:0,(anonymous_8)
FNDA:0,(anonymous_9)
FNDA:0,(anonymous_10)
FNDA:0,(anonymous_11)
FNDA:0,(anonymous_12)
FNDA:0,(anonymous_13)
FNDA:0,(anonymous_14)
DA:51,0
DA:52,0
DA:58,0
DA:59,0
DA:60,0
DA:63,0
DA:66,0
DA:75,0
DA:77,0
DA:78,0
DA:81,0
DA:84,0
DA:86,0
DA:87,0
DA:90,0
DA:91,0
DA:98,0
DA:106,0
DA:109,0
DA:120,0
DA:124,0
DA:125,0
DA:133,0
DA:138,0
DA:142,0
DA:145,0
DA:146,0
DA:147,0
DA:180,0
DA:184,0
DA:188,0
DA:192,0
DA:194,0
DA:195,0
DA:198,0
DA:199,0
DA:208,0
DA:215,0
DA:222,0
DA:234,0
DA:235,0
DA:237,0
DA:243,0
DA:246,0
DA:247,0
DA:254,0
DA:255,0
DA:256,0
DA:257,0
DA:258,0
DA:260,0
DA:261,0
DA:265,0
DA:267,0
DA:281,0
DA:282,0
DA:283,0
DA:286,0
DA:287,0
DA:288,0
DA:295,0
DA:296,0
DA:302,0
DA:315,0
LF:64
LH:0
BRDA:58,0,0,0
BRDA:77,1,0,0
BRDA:86,2,0,0
BRDA:86,3,0,0
BRDA:86,3,1,0
BRDA:90,4,0,0
BRDA:93,5,0,0
BRDA:93,5,1,0
BRDA:124,6,0,0
BRDA:127,7,0,0
BRDA:127,7,1,0
BRDA:198,8,0,0
BRDA:234,9,0,0
BRDA:263,10,0,0
BRDA:263,10,1,0
BRDA:281,11,0,0
BRDA:295,12,0,0
BRF:17
BRH:0
end_of_record
